{"/Users/pedronauck/Dev/courses/projects/helpdesk_example/packages/backend/src/index.ts": {"path":"/Users/pedronauck/Dev/courses/projects/helpdesk_example/packages/backend/src/index.ts","statementMap":{"0":{"start":{"line":1,"column":0},"end":{"line":1,"column":23}},"1":{"start":{"line":2,"column":0},"end":{"line":2,"column":24}},"2":{"start":{"line":3,"column":0},"end":{"line":3,"column":82}},"3":{"start":{"line":4,"column":0},"end":{"line":4,"column":37}},"4":{"start":{"line":5,"column":0},"end":{"line":5,"column":49}},"5":{"start":{"line":6,"column":0},"end":{"line":6,"column":65}},"6":{"start":{"line":7,"column":0},"end":{"line":7,"column":65}},"7":{"start":{"line":8,"column":0},"end":{"line":8,"column":53}},"8":{"start":{"line":9,"column":0},"end":{"line":9,"column":61}},"9":{"start":{"line":10,"column":0},"end":{"line":10,"column":59}},"10":{"start":{"line":11,"column":0},"end":{"line":11,"column":49}},"11":{"start":{"line":13,"column":13},"end":{"line":13,"column":29}},"12":{"start":{"line":14,"column":13},"end":{"line":14,"column":45}},"13":{"start":{"line":16,"column":0},"end":{"line":16,"column":51}},"14":{"start":{"line":17,"column":0},"end":{"line":17,"column":40}},"15":{"start":{"line":18,"column":0},"end":{"line":18,"column":28}},"16":{"start":{"line":19,"column":0},"end":{"line":19,"column":50}},"17":{"start":{"line":20,"column":0},"end":{"line":20,"column":47}},"18":{"start":{"line":21,"column":0},"end":{"line":21,"column":38}},"19":{"start":{"line":22,"column":0},"end":{"line":22,"column":34}},"20":{"start":{"line":23,"column":0},"end":{"line":23,"column":43}},"21":{"start":{"line":24,"column":0},"end":{"line":24,"column":43}},"22":{"start":{"line":26,"column":0},"end":{"line":33,"column":3}},"23":{"start":{"line":27,"column":2},"end":{"line":32,"column":3}},"24":{"start":{"line":28,"column":19},"end":{"line":28,"column":64}},"25":{"start":{"line":29,"column":4},"end":{"line":29,"column":49}},"26":{"start":{"line":31,"column":4},"end":{"line":31,"column":16}},"27":{"start":{"line":35,"column":0},"end":{"line":37,"column":3}},"28":{"start":{"line":36,"column":2},"end":{"line":36,"column":44}},"29":{"start":{"line":39,"column":0},"end":{"line":43,"column":1}},"30":{"start":{"line":40,"column":2},"end":{"line":42,"column":5}},"31":{"start":{"line":41,"column":4},"end":{"line":41,"column":50}}},"fnMap":{"0":{"name":"(anonymous_1)","decl":{"start":{"line":26,"column":23},"end":{"line":26,"column":28}},"loc":{"start":{"line":26,"column":82},"end":{"line":33,"column":1}}},"1":{"name":"(anonymous_2)","decl":{"start":{"line":35,"column":8},"end":{"line":35,"column":9}},"loc":{"start":{"line":35,"column":79},"end":{"line":37,"column":1}}},"2":{"name":"(anonymous_3)","decl":{"start":{"line":40,"column":19},"end":{"line":40,"column":22}},"loc":{"start":{"line":40,"column":24},"end":{"line":42,"column":3}}}},"branchMap":{"0":{"loc":{"start":{"line":14,"column":20},"end":{"line":14,"column":44}},"type":"binary-expr","locations":[{"start":{"line":14,"column":20},"end":{"line":14,"column":36}},{"start":{"line":14,"column":40},"end":{"line":14,"column":44}}]},"1":{"loc":{"start":{"line":39,"column":0},"end":{"line":43,"column":1}},"type":"if","locations":[{"start":{"line":39,"column":0},"end":{"line":43,"column":1}}]}},"s":{"0":8,"1":8,"2":8,"3":8,"4":8,"5":8,"6":8,"7":8,"8":8,"9":8,"10":8,"11":8,"12":8,"13":8,"14":8,"15":8,"16":8,"17":8,"18":8,"19":8,"20":8,"21":8,"22":8,"23":2,"24":2,"25":1,"26":1,"27":8,"28":1,"29":8,"30":0,"31":0},"f":{"0":2,"1":1,"2":0},"b":{"0":[8,0],"1":[0]}}
,"/Users/pedronauck/Dev/courses/projects/helpdesk_example/packages/backend/src/data/authMiddleware.ts": {"path":"/Users/pedronauck/Dev/courses/projects/helpdesk_example/packages/backend/src/data/authMiddleware.ts","statementMap":{"0":{"start":{"line":38,"column":0},"end":{"line":38,"column":16}},"1":{"start":{"line":87,"column":0},"end":{"line":87,"column":16}},"2":{"start":{"line":2,"column":0},"end":{"line":2,"column":73}},"3":{"start":{"line":15,"column":20},"end":{"line":15,"column":42}},"4":{"start":{"line":17,"column":2},"end":{"line":19,"column":3}},"5":{"start":{"line":18,"column":4},"end":{"line":18,"column":52}},"6":{"start":{"line":21,"column":2},"end":{"line":21,"column":19}},"7":{"start":{"line":25,"column":2},"end":{"line":27,"column":3}},"8":{"start":{"line":26,"column":4},"end":{"line":26,"column":17}},"9":{"start":{"line":29,"column":20},"end":{"line":29,"column":57}},"10":{"start":{"line":31,"column":2},"end":{"line":35,"column":4}},"11":{"start":{"line":39,"column":24},"end":{"line":39,"column":49}},"12":{"start":{"line":41,"column":2},"end":{"line":44,"column":3}},"13":{"start":{"line":42,"column":4},"end":{"line":42,"column":60}},"14":{"start":{"line":43,"column":4},"end":{"line":43,"column":11}},"15":{"start":{"line":46,"column":2},"end":{"line":49,"column":3}},"16":{"start":{"line":47,"column":4},"end":{"line":47,"column":55}},"17":{"start":{"line":48,"column":4},"end":{"line":48,"column":11}},"18":{"start":{"line":51,"column":16},"end":{"line":51,"column":45}},"19":{"start":{"line":53,"column":2},"end":{"line":56,"column":3}},"20":{"start":{"line":54,"column":4},"end":{"line":54,"column":55}},"21":{"start":{"line":55,"column":4},"end":{"line":55,"column":11}},"22":{"start":{"line":58,"column":2},"end":{"line":84,"column":3}},"23":{"start":{"line":59,"column":20},"end":{"line":59,"column":53}},"24":{"start":{"line":61,"column":4},"end":{"line":64,"column":5}},"25":{"start":{"line":62,"column":6},"end":{"line":62,"column":57}},"26":{"start":{"line":63,"column":6},"end":{"line":63,"column":13}},"27":{"start":{"line":66,"column":5},"end":{"line":70,"column":6}},"28":{"start":{"line":71,"column":4},"end":{"line":71,"column":11}},"29":{"start":{"line":73,"column":4},"end":{"line":76,"column":5}},"30":{"start":{"line":74,"column":6},"end":{"line":74,"column":57}},"31":{"start":{"line":75,"column":6},"end":{"line":75,"column":13}},"32":{"start":{"line":78,"column":4},"end":{"line":81,"column":5}},"33":{"start":{"line":79,"column":6},"end":{"line":79,"column":57}},"34":{"start":{"line":80,"column":6},"end":{"line":80,"column":13}},"35":{"start":{"line":83,"column":4},"end":{"line":83,"column":16}},"36":{"start":{"line":88,"column":31},"end":{"line":88,"column":67}},"37":{"start":{"line":90,"column":2},"end":{"line":93,"column":3}},"38":{"start":{"line":91,"column":4},"end":{"line":91,"column":63}},"39":{"start":{"line":92,"column":4},"end":{"line":92,"column":11}},"40":{"start":{"line":95,"column":2},"end":{"line":95,"column":9}}},"fnMap":{"0":{"name":"getJwtSecret","decl":{"start":{"line":14,"column":9},"end":{"line":14,"column":21}},"loc":{"start":{"line":14,"column":21},"end":{"line":22,"column":1}}},"1":{"name":"isAuthenticatedUser","decl":{"start":{"line":24,"column":9},"end":{"line":24,"column":28}},"loc":{"start":{"line":24,"column":45},"end":{"line":36,"column":1}}},"2":{"name":"authMiddleware","decl":{"start":{"line":38,"column":16},"end":{"line":38,"column":30}},"loc":{"start":{"line":38,"column":78},"end":{"line":85,"column":1}}},"3":{"name":"adminMiddleware","decl":{"start":{"line":87,"column":16},"end":{"line":87,"column":31}},"loc":{"start":{"line":87,"column":79},"end":{"line":96,"column":1}}}},"branchMap":{"0":{"loc":{"start":{"line":17,"column":2},"end":{"line":19,"column":3}},"type":"if","locations":[{"start":{"line":17,"column":2},"end":{"line":19,"column":3}}]},"1":{"loc":{"start":{"line":25,"column":2},"end":{"line":27,"column":3}},"type":"if","locations":[{"start":{"line":25,"column":2},"end":{"line":27,"column":3}}]},"2":{"loc":{"start":{"line":25,"column":6},"end":{"line":25,"column":53}},"type":"binary-expr","locations":[{"start":{"line":25,"column":6},"end":{"line":25,"column":33}},{"start":{"line":25,"column":37},"end":{"line":25,"column":53}}]},"3":{"loc":{"start":{"line":32,"column":4},"end":{"line":34,"column":40}},"type":"binary-expr","locations":[{"start":{"line":32,"column":4},"end":{"line":32,"column":38}},{"start":{"line":33,"column":4},"end":{"line":33,"column":46}},{"start":{"line":34,"column":4},"end":{"line":34,"column":40}}]},"4":{"loc":{"start":{"line":41,"column":2},"end":{"line":44,"column":3}},"type":"if","locations":[{"start":{"line":41,"column":2},"end":{"line":44,"column":3}}]},"5":{"loc":{"start":{"line":46,"column":2},"end":{"line":49,"column":3}},"type":"if","locations":[{"start":{"line":46,"column":2},"end":{"line":49,"column":3}}]},"6":{"loc":{"start":{"line":53,"column":2},"end":{"line":56,"column":3}},"type":"if","locations":[{"start":{"line":53,"column":2},"end":{"line":56,"column":3}}]},"7":{"loc":{"start":{"line":61,"column":4},"end":{"line":64,"column":5}},"type":"if","locations":[{"start":{"line":61,"column":4},"end":{"line":64,"column":5}}]},"8":{"loc":{"start":{"line":73,"column":4},"end":{"line":76,"column":5}},"type":"if","locations":[{"start":{"line":73,"column":4},"end":{"line":76,"column":5}}]},"9":{"loc":{"start":{"line":78,"column":4},"end":{"line":81,"column":5}},"type":"if","locations":[{"start":{"line":78,"column":4},"end":{"line":81,"column":5}}]},"10":{"loc":{"start":{"line":90,"column":2},"end":{"line":93,"column":3}},"type":"if","locations":[{"start":{"line":90,"column":2},"end":{"line":93,"column":3}}]}},"s":{"0":9,"1":9,"2":9,"3":72,"4":72,"5":0,"6":72,"7":68,"8":0,"9":68,"10":68,"11":87,"12":87,"13":14,"14":14,"15":73,"16":1,"17":1,"18":72,"19":72,"20":0,"21":0,"22":72,"23":72,"24":68,"25":0,"26":0,"27":68,"28":68,"29":4,"30":1,"31":1,"32":3,"33":3,"34":3,"35":0,"36":27,"37":27,"38":7,"39":7,"40":20},"f":{"0":72,"1":68,"2":87,"3":27},"b":{"0":[0],"1":[0],"2":[68,68],"3":[68,68,68],"4":[14],"5":[1],"6":[0],"7":[0],"8":[1],"9":[3],"10":[7]}}
,"/Users/pedronauck/Dev/courses/projects/helpdesk_example/packages/backend/src/data/database.ts": {"path":"/Users/pedronauck/Dev/courses/projects/helpdesk_example/packages/backend/src/data/database.ts","statementMap":{"0":{"start":{"line":1,"column":0},"end":{"line":1,"column":23}},"1":{"start":{"line":2,"column":0},"end":{"line":2,"column":35}},"2":{"start":{"line":4,"column":12},"end":{"line":4,"column":23}},"3":{"start":{"line":6,"column":13},"end":{"line":12,"column":2}},"4":{"start":{"line":14,"column":30},"end":{"line":14,"column":55}},"5":{"start":{"line":14,"column":36},"end":{"line":14,"column":55}},"6":{"start":{"line":14,"column":13},"end":{"line":14,"column":30}},"7":{"start":{"line":16,"column":13},"end":{"line":16,"column":35}}},"fnMap":{"0":{"name":"(anonymous_1)","decl":{"start":{"line":14,"column":30},"end":{"line":14,"column":33}},"loc":{"start":{"line":14,"column":36},"end":{"line":14,"column":55}}}},"branchMap":{"0":{"loc":{"start":{"line":7,"column":8},"end":{"line":7,"column":42}},"type":"binary-expr","locations":[{"start":{"line":7,"column":8},"end":{"line":7,"column":27}},{"start":{"line":7,"column":31},"end":{"line":7,"column":42}}]},"1":{"loc":{"start":{"line":8,"column":15},"end":{"line":8,"column":42}},"type":"binary-expr","locations":[{"start":{"line":8,"column":15},"end":{"line":8,"column":34}},{"start":{"line":8,"column":38},"end":{"line":8,"column":42}}]},"2":{"loc":{"start":{"line":9,"column":12},"end":{"line":9,"column":40}},"type":"binary-expr","locations":[{"start":{"line":9,"column":12},"end":{"line":9,"column":31}},{"start":{"line":9,"column":35},"end":{"line":9,"column":40}}]},"3":{"loc":{"start":{"line":10,"column":8},"end":{"line":10,"column":41}},"type":"binary-expr","locations":[{"start":{"line":10,"column":8},"end":{"line":10,"column":27}},{"start":{"line":10,"column":31},"end":{"line":10,"column":41}}]},"4":{"loc":{"start":{"line":11,"column":12},"end":{"line":11,"column":49}},"type":"binary-expr","locations":[{"start":{"line":11,"column":12},"end":{"line":11,"column":35}},{"start":{"line":11,"column":39},"end":{"line":11,"column":49}}]}},"s":{"0":16,"1":16,"2":16,"3":16,"4":16,"5":16,"6":16,"7":16},"f":{"0":16},"b":{"0":[16,0],"1":[16,0],"2":[16,0],"3":[16,0],"4":[16,0]}}
,"/Users/pedronauck/Dev/courses/projects/helpdesk_example/packages/backend/src/data/testHelper.ts": {"path":"/Users/pedronauck/Dev/courses/projects/helpdesk_example/packages/backend/src/data/testHelper.ts","statementMap":{"0":{"start":{"line":6,"column":0},"end":{"line":6,"column":7}},"1":{"start":{"line":10,"column":0},"end":{"line":10,"column":7}},"2":{"start":{"line":26,"column":0},"end":{"line":26,"column":7}},"3":{"start":{"line":31,"column":0},"end":{"line":31,"column":7}},"4":{"start":{"line":1,"column":0},"end":{"line":1,"column":32}},"5":{"start":{"line":3,"column":13},"end":{"line":3,"column":25}},"6":{"start":{"line":4,"column":13},"end":{"line":4,"column":51}},"7":{"start":{"line":7,"column":2},"end":{"line":7,"column":68}},"8":{"start":{"line":11,"column":31},"end":{"line":13,"column":null}},"9":{"start":{"line":16,"column":2},"end":{"line":18,"column":3}},"10":{"start":{"line":17,"column":4},"end":{"line":17,"column":32}},"11":{"start":{"line":20,"column":2},"end":{"line":23,"column":4}},"12":{"start":{"line":27,"column":2},"end":{"line":27,"column":164}},"13":{"start":{"line":28,"column":2},"end":{"line":28,"column":36}},"14":{"start":{"line":32,"column":2},"end":{"line":32,"column":27}}},"fnMap":{"0":{"name":"verifyTestDatabaseConnection","decl":{"start":{"line":6,"column":22},"end":{"line":6,"column":50}},"loc":{"start":{"line":6,"column":50},"end":{"line":8,"column":1}}},"1":{"name":"ensureDefaultOrganization","decl":{"start":{"line":10,"column":22},"end":{"line":10,"column":47}},"loc":{"start":{"line":10,"column":47},"end":{"line":24,"column":1}}},"2":{"name":"truncateTables","decl":{"start":{"line":26,"column":22},"end":{"line":26,"column":36}},"loc":{"start":{"line":26,"column":36},"end":{"line":29,"column":1}}},"3":{"name":"closeTestDatabase","decl":{"start":{"line":31,"column":22},"end":{"line":31,"column":39}},"loc":{"start":{"line":31,"column":39},"end":{"line":33,"column":1}}}},"branchMap":{"0":{"loc":{"start":{"line":16,"column":2},"end":{"line":18,"column":3}},"type":"if","locations":[{"start":{"line":16,"column":2},"end":{"line":18,"column":3}}]}},"s":{"0":16,"1":16,"2":16,"3":16,"4":16,"5":16,"6":16,"7":17,"8":328,"9":328,"10":106,"11":222,"12":222,"13":222,"14":16},"f":{"0":17,"1":328,"2":222,"3":16},"b":{"0":[106]}}
,"/Users/pedronauck/Dev/courses/projects/helpdesk_example/packages/backend/src/routes/authRoutes.ts": {"path":"/Users/pedronauck/Dev/courses/projects/helpdesk_example/packages/backend/src/routes/authRoutes.ts","statementMap":{"0":{"start":{"line":1,"column":0},"end":{"line":1,"column":81}},"1":{"start":{"line":2,"column":0},"end":{"line":2,"column":null}},"2":{"start":{"line":11,"column":13},"end":{"line":11,"column":35}},"3":{"start":{"line":14,"column":2},"end":{"line":16,"column":3}},"4":{"start":{"line":15,"column":4},"end":{"line":15,"column":58}},"5":{"start":{"line":18,"column":2},"end":{"line":23,"column":3}},"6":{"start":{"line":22,"column":4},"end":{"line":22,"column":58}},"7":{"start":{"line":25,"column":2},"end":{"line":27,"column":3}},"8":{"start":{"line":26,"column":4},"end":{"line":26,"column":58}},"9":{"start":{"line":29,"column":2},"end":{"line":29,"column":14}},"10":{"start":{"line":32,"column":0},"end":{"line":43,"column":3}},"11":{"start":{"line":33,"column":2},"end":{"line":42,"column":3}},"12":{"start":{"line":34,"column":19},"end":{"line":34,"column":41}},"13":{"start":{"line":35,"column":4},"end":{"line":35,"column":33}},"14":{"start":{"line":37,"column":4},"end":{"line":41,"column":5}},"15":{"start":{"line":38,"column":6},"end":{"line":38,"column":36}},"16":{"start":{"line":40,"column":6},"end":{"line":40,"column":27}},"17":{"start":{"line":45,"column":0},"end":{"line":56,"column":3}},"18":{"start":{"line":46,"column":2},"end":{"line":55,"column":3}},"19":{"start":{"line":47,"column":19},"end":{"line":47,"column":41}},"20":{"start":{"line":48,"column":4},"end":{"line":48,"column":33}},"21":{"start":{"line":50,"column":4},"end":{"line":54,"column":5}},"22":{"start":{"line":51,"column":6},"end":{"line":51,"column":36}},"23":{"start":{"line":53,"column":6},"end":{"line":53,"column":27}}},"fnMap":{"0":{"name":"sendErrorResponse","decl":{"start":{"line":13,"column":9},"end":{"line":13,"column":26}},"loc":{"start":{"line":13,"column":56},"end":{"line":30,"column":1}}},"1":{"name":"(anonymous_1)","decl":{"start":{"line":32,"column":27},"end":{"line":32,"column":32}},"loc":{"start":{"line":32,"column":85},"end":{"line":43,"column":1}}},"2":{"name":"(anonymous_2)","decl":{"start":{"line":45,"column":27},"end":{"line":45,"column":32}},"loc":{"start":{"line":45,"column":85},"end":{"line":56,"column":1}}}},"branchMap":{"0":{"loc":{"start":{"line":14,"column":2},"end":{"line":16,"column":3}},"type":"if","locations":[{"start":{"line":14,"column":2},"end":{"line":16,"column":3}}]},"1":{"loc":{"start":{"line":18,"column":2},"end":{"line":23,"column":3}},"type":"if","locations":[{"start":{"line":18,"column":2},"end":{"line":23,"column":3}}]},"2":{"loc":{"start":{"line":19,"column":4},"end":{"line":20,"column":40}},"type":"binary-expr","locations":[{"start":{"line":19,"column":4},"end":{"line":19,"column":40}},{"start":{"line":20,"column":4},"end":{"line":20,"column":40}}]},"3":{"loc":{"start":{"line":25,"column":2},"end":{"line":27,"column":3}},"type":"if","locations":[{"start":{"line":25,"column":2},"end":{"line":27,"column":3}}]}},"s":{"0":8,"1":8,"2":8,"3":3,"4":1,"5":2,"6":1,"7":1,"8":1,"9":0,"10":8,"11":9,"12":9,"13":7,"14":2,"15":2,"16":0,"17":8,"18":3,"19":3,"20":2,"21":1,"22":1,"23":0},"f":{"0":3,"1":9,"2":3},"b":{"0":[1],"1":[1],"2":[2,1],"3":[1]}}
,"/Users/pedronauck/Dev/courses/projects/helpdesk_example/packages/backend/src/routes/organizationRoutes.ts": {"path":"/Users/pedronauck/Dev/courses/projects/helpdesk_example/packages/backend/src/routes/organizationRoutes.ts","statementMap":{"0":{"start":{"line":1,"column":0},"end":{"line":1,"column":81}},"1":{"start":{"line":2,"column":0},"end":{"line":2,"column":null}},"2":{"start":{"line":7,"column":0},"end":{"line":7,"column":null}},"3":{"start":{"line":15,"column":13},"end":{"line":15,"column":43}},"4":{"start":{"line":16,"column":0},"end":{"line":16,"column":39}},"5":{"start":{"line":19,"column":2},"end":{"line":21,"column":3}},"6":{"start":{"line":20,"column":4},"end":{"line":20,"column":58}},"7":{"start":{"line":23,"column":2},"end":{"line":25,"column":3}},"8":{"start":{"line":24,"column":4},"end":{"line":24,"column":58}},"9":{"start":{"line":27,"column":2},"end":{"line":29,"column":3}},"10":{"start":{"line":28,"column":4},"end":{"line":28,"column":58}},"11":{"start":{"line":31,"column":2},"end":{"line":31,"column":14}},"12":{"start":{"line":34,"column":0},"end":{"line":48,"column":3}},"13":{"start":{"line":35,"column":2},"end":{"line":47,"column":3}},"14":{"start":{"line":36,"column":32},"end":{"line":36,"column":65}},"15":{"start":{"line":37,"column":25},"end":{"line":37,"column":50}},"16":{"start":{"line":39,"column":4},"end":{"line":42,"column":5}},"17":{"start":{"line":40,"column":6},"end":{"line":40,"column":64}},"18":{"start":{"line":41,"column":6},"end":{"line":41,"column":13}},"19":{"start":{"line":44,"column":4},"end":{"line":44,"column":39}},"20":{"start":{"line":46,"column":4},"end":{"line":46,"column":16}},"21":{"start":{"line":50,"column":0},"end":{"line":66,"column":2}},"22":{"start":{"line":54,"column":4},"end":{"line":64,"column":5}},"23":{"start":{"line":55,"column":34},"end":{"line":55,"column":67}},"24":{"start":{"line":56,"column":27},"end":{"line":56,"column":69}},"25":{"start":{"line":57,"column":6},"end":{"line":57,"column":41}},"26":{"start":{"line":59,"column":6},"end":{"line":63,"column":7}},"27":{"start":{"line":60,"column":8},"end":{"line":60,"column":38}},"28":{"start":{"line":62,"column":8},"end":{"line":62,"column":29}}},"fnMap":{"0":{"name":"sendErrorResponse","decl":{"start":{"line":18,"column":9},"end":{"line":18,"column":26}},"loc":{"start":{"line":18,"column":56},"end":{"line":32,"column":1}}},"1":{"name":"(anonymous_1)","decl":{"start":{"line":34,"column":35},"end":{"line":34,"column":40}},"loc":{"start":{"line":34,"column":93},"end":{"line":48,"column":1}}},"2":{"name":"(anonymous_2)","decl":{"start":{"line":53,"column":2},"end":{"line":53,"column":7}},"loc":{"start":{"line":53,"column":60},"end":{"line":65,"column":3}}}},"branchMap":{"0":{"loc":{"start":{"line":19,"column":2},"end":{"line":21,"column":3}},"type":"if","locations":[{"start":{"line":19,"column":2},"end":{"line":21,"column":3}}]},"1":{"loc":{"start":{"line":23,"column":2},"end":{"line":25,"column":3}},"type":"if","locations":[{"start":{"line":23,"column":2},"end":{"line":25,"column":3}}]},"2":{"loc":{"start":{"line":27,"column":2},"end":{"line":29,"column":3}},"type":"if","locations":[{"start":{"line":27,"column":2},"end":{"line":29,"column":3}}]},"3":{"loc":{"start":{"line":39,"column":4},"end":{"line":42,"column":5}},"type":"if","locations":[{"start":{"line":39,"column":4},"end":{"line":42,"column":5}}]}},"s":{"0":8,"1":8,"2":8,"3":8,"4":8,"5":2,"6":1,"7":1,"8":1,"9":0,"10":0,"11":0,"12":8,"13":2,"14":2,"15":2,"16":2,"17":1,"18":1,"19":1,"20":0,"21":8,"22":3,"23":3,"24":3,"25":1,"26":2,"27":2,"28":0},"f":{"0":2,"1":2,"2":3},"b":{"0":[1],"1":[1],"2":[0],"3":[1]}}
,"/Users/pedronauck/Dev/courses/projects/helpdesk_example/packages/backend/src/routes/ticketTypeRoutes.ts": {"path":"/Users/pedronauck/Dev/courses/projects/helpdesk_example/packages/backend/src/routes/ticketTypeRoutes.ts","statementMap":{"0":{"start":{"line":1,"column":0},"end":{"line":1,"column":81}},"1":{"start":{"line":2,"column":0},"end":{"line":2,"column":null}},"2":{"start":{"line":7,"column":0},"end":{"line":7,"column":null}},"3":{"start":{"line":18,"column":13},"end":{"line":18,"column":41}},"4":{"start":{"line":19,"column":0},"end":{"line":19,"column":37}},"5":{"start":{"line":22,"column":13},"end":{"line":22,"column":26}},"6":{"start":{"line":24,"column":2},"end":{"line":26,"column":3}},"7":{"start":{"line":25,"column":4},"end":{"line":25,"column":75}},"8":{"start":{"line":28,"column":2},"end":{"line":28,"column":12}},"9":{"start":{"line":32,"column":16},"end":{"line":32,"column":29}},"10":{"start":{"line":34,"column":2},"end":{"line":36,"column":3}},"11":{"start":{"line":35,"column":4},"end":{"line":35,"column":75}},"12":{"start":{"line":38,"column":2},"end":{"line":38,"column":24}},"13":{"start":{"line":42,"column":2},"end":{"line":47,"column":3}},"14":{"start":{"line":46,"column":4},"end":{"line":46,"column":58}},"15":{"start":{"line":49,"column":2},"end":{"line":51,"column":3}},"16":{"start":{"line":50,"column":4},"end":{"line":50,"column":58}},"17":{"start":{"line":53,"column":2},"end":{"line":55,"column":3}},"18":{"start":{"line":54,"column":4},"end":{"line":54,"column":58}},"19":{"start":{"line":57,"column":2},"end":{"line":57,"column":14}},"20":{"start":{"line":60,"column":0},"end":{"line":68,"column":3}},"21":{"start":{"line":61,"column":2},"end":{"line":67,"column":3}},"22":{"start":{"line":62,"column":32},"end":{"line":62,"column":65}},"23":{"start":{"line":63,"column":24},"end":{"line":63,"column":50}},"24":{"start":{"line":64,"column":4},"end":{"line":64,"column":38}},"25":{"start":{"line":66,"column":4},"end":{"line":66,"column":16}},"26":{"start":{"line":70,"column":0},"end":{"line":86,"column":2}},"27":{"start":{"line":74,"column":4},"end":{"line":84,"column":5}},"28":{"start":{"line":75,"column":34},"end":{"line":75,"column":67}},"29":{"start":{"line":76,"column":25},"end":{"line":76,"column":63}},"30":{"start":{"line":77,"column":6},"end":{"line":77,"column":39}},"31":{"start":{"line":79,"column":6},"end":{"line":83,"column":7}},"32":{"start":{"line":80,"column":8},"end":{"line":80,"column":38}},"33":{"start":{"line":82,"column":8},"end":{"line":82,"column":29}},"34":{"start":{"line":88,"column":0},"end":{"line":104,"column":2}},"35":{"start":{"line":92,"column":4},"end":{"line":102,"column":5}},"36":{"start":{"line":93,"column":34},"end":{"line":93,"column":67}},"37":{"start":{"line":94,"column":25},"end":{"line":94,"column":80}},"38":{"start":{"line":95,"column":6},"end":{"line":95,"column":39}},"39":{"start":{"line":97,"column":6},"end":{"line":101,"column":7}},"40":{"start":{"line":98,"column":8},"end":{"line":98,"column":38}},"41":{"start":{"line":100,"column":8},"end":{"line":100,"column":29}},"42":{"start":{"line":106,"column":0},"end":{"line":122,"column":2}},"43":{"start":{"line":110,"column":4},"end":{"line":120,"column":5}},"44":{"start":{"line":111,"column":34},"end":{"line":111,"column":67}},"45":{"start":{"line":112,"column":6},"end":{"line":112,"column":52}},"46":{"start":{"line":113,"column":6},"end":{"line":113,"column":29}},"47":{"start":{"line":115,"column":6},"end":{"line":119,"column":7}},"48":{"start":{"line":116,"column":8},"end":{"line":116,"column":38}},"49":{"start":{"line":118,"column":8},"end":{"line":118,"column":29}}},"fnMap":{"0":{"name":"parseId","decl":{"start":{"line":21,"column":9},"end":{"line":21,"column":16}},"loc":{"start":{"line":21,"column":30},"end":{"line":29,"column":1}}},"1":{"name":"getIdParam","decl":{"start":{"line":31,"column":9},"end":{"line":31,"column":19}},"loc":{"start":{"line":31,"column":32},"end":{"line":39,"column":1}}},"2":{"name":"sendErrorResponse","decl":{"start":{"line":41,"column":9},"end":{"line":41,"column":26}},"loc":{"start":{"line":41,"column":56},"end":{"line":58,"column":1}}},"3":{"name":"(anonymous_3)","decl":{"start":{"line":60,"column":26},"end":{"line":60,"column":31}},"loc":{"start":{"line":60,"column":84},"end":{"line":68,"column":1}}},"4":{"name":"(anonymous_4)","decl":{"start":{"line":73,"column":2},"end":{"line":73,"column":7}},"loc":{"start":{"line":73,"column":60},"end":{"line":85,"column":3}}},"5":{"name":"(anonymous_5)","decl":{"start":{"line":91,"column":2},"end":{"line":91,"column":7}},"loc":{"start":{"line":91,"column":60},"end":{"line":103,"column":3}}},"6":{"name":"(anonymous_6)","decl":{"start":{"line":109,"column":2},"end":{"line":109,"column":7}},"loc":{"start":{"line":109,"column":60},"end":{"line":121,"column":3}}}},"branchMap":{"0":{"loc":{"start":{"line":24,"column":2},"end":{"line":26,"column":3}},"type":"if","locations":[{"start":{"line":24,"column":2},"end":{"line":26,"column":3}}]},"1":{"loc":{"start":{"line":24,"column":6},"end":{"line":24,"column":38}},"type":"binary-expr","locations":[{"start":{"line":24,"column":6},"end":{"line":24,"column":27}},{"start":{"line":24,"column":31},"end":{"line":24,"column":38}}]},"2":{"loc":{"start":{"line":34,"column":2},"end":{"line":36,"column":3}},"type":"if","locations":[{"start":{"line":34,"column":2},"end":{"line":36,"column":3}}]},"3":{"loc":{"start":{"line":42,"column":2},"end":{"line":47,"column":3}},"type":"if","locations":[{"start":{"line":42,"column":2},"end":{"line":47,"column":3}}]},"4":{"loc":{"start":{"line":43,"column":4},"end":{"line":44,"column":34}},"type":"binary-expr","locations":[{"start":{"line":43,"column":4},"end":{"line":43,"column":36}},{"start":{"line":44,"column":4},"end":{"line":44,"column":34}}]},"5":{"loc":{"start":{"line":49,"column":2},"end":{"line":51,"column":3}},"type":"if","locations":[{"start":{"line":49,"column":2},"end":{"line":51,"column":3}}]},"6":{"loc":{"start":{"line":53,"column":2},"end":{"line":55,"column":3}},"type":"if","locations":[{"start":{"line":53,"column":2},"end":{"line":55,"column":3}}]}},"s":{"0":8,"1":8,"2":8,"3":8,"4":8,"5":6,"6":6,"7":0,"8":6,"9":6,"10":6,"11":0,"12":6,"13":8,"14":5,"15":3,"16":2,"17":1,"18":1,"19":0,"20":8,"21":2,"22":2,"23":2,"24":2,"25":0,"26":8,"27":5,"28":5,"29":5,"30":1,"31":4,"32":4,"33":0,"34":8,"35":3,"36":3,"37":3,"38":1,"39":2,"40":2,"41":0,"42":8,"43":3,"44":3,"45":3,"46":1,"47":2,"48":2,"49":0},"f":{"0":6,"1":6,"2":8,"3":2,"4":5,"5":3,"6":3},"b":{"0":[0],"1":[6,6],"2":[0],"3":[5],"4":[8,5],"5":[2],"6":[1]}}
,"/Users/pedronauck/Dev/courses/projects/helpdesk_example/packages/backend/src/routes/userRoutes.ts": {"path":"/Users/pedronauck/Dev/courses/projects/helpdesk_example/packages/backend/src/routes/userRoutes.ts","statementMap":{"0":{"start":{"line":1,"column":0},"end":{"line":1,"column":81}},"1":{"start":{"line":2,"column":0},"end":{"line":2,"column":null}},"2":{"start":{"line":7,"column":0},"end":{"line":7,"column":null}},"3":{"start":{"line":18,"column":13},"end":{"line":18,"column":35}},"4":{"start":{"line":19,"column":0},"end":{"line":19,"column":31}},"5":{"start":{"line":20,"column":0},"end":{"line":20,"column":32}},"6":{"start":{"line":23,"column":17},"end":{"line":23,"column":30}},"7":{"start":{"line":25,"column":2},"end":{"line":27,"column":3}},"8":{"start":{"line":26,"column":4},"end":{"line":26,"column":68}},"9":{"start":{"line":29,"column":2},"end":{"line":29,"column":16}},"10":{"start":{"line":33,"column":20},"end":{"line":33,"column":37}},"11":{"start":{"line":35,"column":2},"end":{"line":37,"column":3}},"12":{"start":{"line":36,"column":4},"end":{"line":36,"column":68}},"13":{"start":{"line":39,"column":2},"end":{"line":39,"column":28}},"14":{"start":{"line":43,"column":2},"end":{"line":45,"column":3}},"15":{"start":{"line":44,"column":4},"end":{"line":44,"column":58}},"16":{"start":{"line":47,"column":2},"end":{"line":52,"column":3}},"17":{"start":{"line":51,"column":4},"end":{"line":51,"column":58}},"18":{"start":{"line":54,"column":2},"end":{"line":56,"column":3}},"19":{"start":{"line":55,"column":4},"end":{"line":55,"column":58}},"20":{"start":{"line":58,"column":2},"end":{"line":60,"column":3}},"21":{"start":{"line":59,"column":4},"end":{"line":59,"column":58}},"22":{"start":{"line":62,"column":2},"end":{"line":62,"column":14}},"23":{"start":{"line":65,"column":0},"end":{"line":73,"column":3}},"24":{"start":{"line":66,"column":2},"end":{"line":72,"column":3}},"25":{"start":{"line":67,"column":32},"end":{"line":67,"column":65}},"26":{"start":{"line":68,"column":18},"end":{"line":68,"column":44}},"27":{"start":{"line":69,"column":4},"end":{"line":69,"column":32}},"28":{"start":{"line":71,"column":4},"end":{"line":71,"column":16}},"29":{"start":{"line":75,"column":0},"end":{"line":87,"column":3}},"30":{"start":{"line":76,"column":2},"end":{"line":86,"column":3}},"31":{"start":{"line":77,"column":32},"end":{"line":77,"column":65}},"32":{"start":{"line":78,"column":17},"end":{"line":78,"column":55}},"33":{"start":{"line":79,"column":4},"end":{"line":79,"column":31}},"34":{"start":{"line":81,"column":4},"end":{"line":85,"column":5}},"35":{"start":{"line":82,"column":6},"end":{"line":82,"column":36}},"36":{"start":{"line":84,"column":6},"end":{"line":84,"column":27}},"37":{"start":{"line":89,"column":0},"end":{"line":101,"column":3}},"38":{"start":{"line":90,"column":2},"end":{"line":100,"column":3}},"39":{"start":{"line":91,"column":61},"end":{"line":91,"column":94}},"40":{"start":{"line":92,"column":4},"end":{"line":92,"column":75}},"41":{"start":{"line":93,"column":4},"end":{"line":93,"column":27}},"42":{"start":{"line":95,"column":4},"end":{"line":99,"column":5}},"43":{"start":{"line":96,"column":6},"end":{"line":96,"column":36}},"44":{"start":{"line":98,"column":6},"end":{"line":98,"column":27}}},"fnMap":{"0":{"name":"parseId","decl":{"start":{"line":22,"column":9},"end":{"line":22,"column":16}},"loc":{"start":{"line":22,"column":30},"end":{"line":30,"column":1}}},"1":{"name":"getUserIdParam","decl":{"start":{"line":32,"column":9},"end":{"line":32,"column":23}},"loc":{"start":{"line":32,"column":36},"end":{"line":40,"column":1}}},"2":{"name":"sendErrorResponse","decl":{"start":{"line":42,"column":9},"end":{"line":42,"column":26}},"loc":{"start":{"line":42,"column":56},"end":{"line":63,"column":1}}},"3":{"name":"(anonymous_3)","decl":{"start":{"line":65,"column":20},"end":{"line":65,"column":25}},"loc":{"start":{"line":65,"column":78},"end":{"line":73,"column":1}}},"4":{"name":"(anonymous_4)","decl":{"start":{"line":75,"column":21},"end":{"line":75,"column":26}},"loc":{"start":{"line":75,"column":79},"end":{"line":87,"column":1}}},"5":{"name":"(anonymous_5)","decl":{"start":{"line":89,"column":30},"end":{"line":89,"column":35}},"loc":{"start":{"line":89,"column":88},"end":{"line":101,"column":1}}}},"branchMap":{"0":{"loc":{"start":{"line":25,"column":2},"end":{"line":27,"column":3}},"type":"if","locations":[{"start":{"line":25,"column":2},"end":{"line":27,"column":3}}]},"1":{"loc":{"start":{"line":25,"column":6},"end":{"line":25,"column":46}},"type":"binary-expr","locations":[{"start":{"line":25,"column":6},"end":{"line":25,"column":31}},{"start":{"line":25,"column":35},"end":{"line":25,"column":46}}]},"2":{"loc":{"start":{"line":35,"column":2},"end":{"line":37,"column":3}},"type":"if","locations":[{"start":{"line":35,"column":2},"end":{"line":37,"column":3}}]},"3":{"loc":{"start":{"line":43,"column":2},"end":{"line":45,"column":3}},"type":"if","locations":[{"start":{"line":43,"column":2},"end":{"line":45,"column":3}}]},"4":{"loc":{"start":{"line":47,"column":2},"end":{"line":52,"column":3}},"type":"if","locations":[{"start":{"line":47,"column":2},"end":{"line":52,"column":3}}]},"5":{"loc":{"start":{"line":48,"column":4},"end":{"line":49,"column":40}},"type":"binary-expr","locations":[{"start":{"line":48,"column":4},"end":{"line":48,"column":40}},{"start":{"line":49,"column":4},"end":{"line":49,"column":40}}]},"6":{"loc":{"start":{"line":54,"column":2},"end":{"line":56,"column":3}},"type":"if","locations":[{"start":{"line":54,"column":2},"end":{"line":56,"column":3}}]},"7":{"loc":{"start":{"line":58,"column":2},"end":{"line":60,"column":3}},"type":"if","locations":[{"start":{"line":58,"column":2},"end":{"line":60,"column":3}}]}},"s":{"0":8,"1":8,"2":8,"3":8,"4":8,"5":8,"6":2,"7":2,"8":0,"9":2,"10":2,"11":2,"12":0,"13":2,"14":3,"15":0,"16":3,"17":1,"18":2,"19":1,"20":1,"21":1,"22":0,"23":8,"24":1,"25":1,"26":1,"27":1,"28":0,"29":8,"30":2,"31":2,"32":2,"33":1,"34":1,"35":1,"36":0,"37":8,"38":2,"39":2,"40":2,"41":0,"42":2,"43":2,"44":0},"f":{"0":2,"1":2,"2":3,"3":1,"4":2,"5":2},"b":{"0":[0],"1":[2,2],"2":[0],"3":[0],"4":[1],"5":[3,2],"6":[1],"7":[1]}}
,"/Users/pedronauck/Dev/courses/projects/helpdesk_example/packages/backend/src/services/authService.ts": {"path":"/Users/pedronauck/Dev/courses/projects/helpdesk_example/packages/backend/src/services/authService.ts","statementMap":{"0":{"start":{"line":88,"column":0},"end":{"line":88,"column":16}},"1":{"start":{"line":187,"column":0},"end":{"line":187,"column":7}},"2":{"start":{"line":250,"column":0},"end":{"line":250,"column":7}},"3":{"start":{"line":1,"column":0},"end":{"line":1,"column":28}},"4":{"start":{"line":2,"column":0},"end":{"line":2,"column":31}},"5":{"start":{"line":3,"column":0},"end":{"line":3,"column":38}},"6":{"start":{"line":5,"column":28},"end":{"line":5,"column":29}},"7":{"start":{"line":6,"column":27},"end":{"line":6,"column":29}},"8":{"start":{"line":7,"column":23},"end":{"line":7,"column":28}},"9":{"start":{"line":8,"column":24},"end":{"line":8,"column":27}},"10":{"start":{"line":9,"column":32},"end":{"line":9,"column":33}},"11":{"start":{"line":10,"column":27},"end":{"line":10,"column":28}},"12":{"start":{"line":62,"column":4},"end":{"line":62,"column":19}},"13":{"start":{"line":63,"column":4},"end":{"line":63,"column":34}},"14":{"start":{"line":60,"column":0},"end":{"line":60,"column":13}},"15":{"start":{"line":69,"column":4},"end":{"line":69,"column":19}},"16":{"start":{"line":70,"column":4},"end":{"line":70,"column":38}},"17":{"start":{"line":67,"column":0},"end":{"line":67,"column":13}},"18":{"start":{"line":76,"column":4},"end":{"line":76,"column":19}},"19":{"start":{"line":77,"column":4},"end":{"line":77,"column":38}},"20":{"start":{"line":74,"column":0},"end":{"line":74,"column":13}},"21":{"start":{"line":83,"column":4},"end":{"line":83,"column":19}},"22":{"start":{"line":84,"column":4},"end":{"line":84,"column":42}},"23":{"start":{"line":81,"column":0},"end":{"line":81,"column":13}},"24":{"start":{"line":89,"column":15},"end":{"line":93,"column":30}},"25":{"start":{"line":94,"column":2},"end":{"line":96,"column":3}},"26":{"start":{"line":95,"column":4},"end":{"line":95,"column":100}},"27":{"start":{"line":97,"column":2},"end":{"line":97,"column":14}},"28":{"start":{"line":101,"column":16},"end":{"line":101,"column":54}},"29":{"start":{"line":102,"column":15},"end":{"line":102,"column":17}},"30":{"start":{"line":103,"column":2},"end":{"line":105,"column":3}},"31":{"start":{"line":103,"column":15},"end":{"line":103,"column":16}},"32":{"start":{"line":104,"column":4},"end":{"line":104,"column":62}},"33":{"start":{"line":106,"column":2},"end":{"line":106,"column":16}},"34":{"start":{"line":110,"column":20},"end":{"line":110,"column":42}},"35":{"start":{"line":112,"column":2},"end":{"line":114,"column":3}},"36":{"start":{"line":113,"column":4},"end":{"line":113,"column":52}},"37":{"start":{"line":116,"column":2},"end":{"line":116,"column":19}},"38":{"start":{"line":120,"column":2},"end":{"line":122,"column":3}},"39":{"start":{"line":121,"column":4},"end":{"line":121,"column":54}},"40":{"start":{"line":124,"column":26},"end":{"line":124,"column":38}},"41":{"start":{"line":126,"column":2},"end":{"line":128,"column":3}},"42":{"start":{"line":127,"column":4},"end":{"line":127,"column":54}},"43":{"start":{"line":130,"column":2},"end":{"line":130,"column":25}},"44":{"start":{"line":134,"column":2},"end":{"line":134,"column":60}},"45":{"start":{"line":138,"column":19},"end":{"line":138,"column":58}},"46":{"start":{"line":140,"column":2},"end":{"line":142,"column":3}},"47":{"start":{"line":141,"column":4},"end":{"line":141,"column":76}},"48":{"start":{"line":144,"column":2},"end":{"line":144,"column":18}},"49":{"start":{"line":148,"column":23},"end":{"line":150,"column":null}},"50":{"start":{"line":153,"column":2},"end":{"line":155,"column":3}},"51":{"start":{"line":154,"column":4},"end":{"line":154,"column":61}},"52":{"start":{"line":159,"column":2},"end":{"line":162,"column":27}},"53":{"start":{"line":166,"column":16},"end":{"line":173,"column":null}},"54":{"start":{"line":176,"column":2},"end":{"line":184,"column":4}},"55":{"start":{"line":188,"column":27},"end":{"line":188,"column":92}},"56":{"start":{"line":189,"column":15},"end":{"line":189,"column":55}},"57":{"start":{"line":190,"column":16},"end":{"line":190,"column":43}},"58":{"start":{"line":191,"column":19},"end":{"line":191,"column":51}},"59":{"start":{"line":193,"column":19},"end":{"line":193,"column":49}},"60":{"start":{"line":195,"column":2},"end":{"line":245,"column":3}},"61":{"start":{"line":195,"column":21},"end":{"line":195,"column":22}},"62":{"start":{"line":196,"column":17},"end":{"line":196,"column":109}},"63":{"start":{"line":197,"column":4},"end":{"line":244,"column":5}},"64":{"start":{"line":198,"column":6},"end":{"line":223,"column":9}},"65":{"start":{"line":199,"column":8},"end":{"line":199,"column":54}},"66":{"start":{"line":201,"column":29},"end":{"line":203,"column":null}},"67":{"start":{"line":206,"column":29},"end":{"line":206,"column":76}},"68":{"start":{"line":207,"column":21},"end":{"line":216,"column":null}},"69":{"start":{"line":219,"column":8},"end":{"line":222,"column":10}},"70":{"start":{"line":225,"column":6},"end":{"line":227,"column":7}},"71":{"start":{"line":226,"column":8},"end":{"line":226,"column":20}},"72":{"start":{"line":229,"column":6},"end":{"line":241,"column":7}},"73":{"start":{"line":230,"column":32},"end":{"line":234,"column":77}},"74":{"start":{"line":236,"column":8},"end":{"line":238,"column":9}},"75":{"start":{"line":237,"column":10},"end":{"line":237,"column":19}},"76":{"start":{"line":240,"column":8},"end":{"line":240,"column":65}},"77":{"start":{"line":243,"column":6},"end":{"line":243,"column":18}},"78":{"start":{"line":247,"column":2},"end":{"line":247,"column":null}},"79":{"start":{"line":251,"column":16},"end":{"line":251,"column":43}},"80":{"start":{"line":252,"column":19},"end":{"line":252,"column":67}},"81":{"start":{"line":253,"column":15},"end":{"line":267,"column":null}},"82":{"start":{"line":270,"column":2},"end":{"line":272,"column":3}},"83":{"start":{"line":271,"column":4},"end":{"line":271,"column":61}},"84":{"start":{"line":274,"column":26},"end":{"line":274,"column":71}},"85":{"start":{"line":276,"column":2},"end":{"line":278,"column":3}},"86":{"start":{"line":277,"column":4},"end":{"line":277,"column":61}},"87":{"start":{"line":280,"column":2},"end":{"line":280,"column":33}}},"fnMap":{"0":{"name":"(anonymous_1)","decl":{"start":{"line":61,"column":2},"end":{"line":61,"column":14}},"loc":{"start":{"line":61,"column":29},"end":{"line":64,"column":3}}},"1":{"name":"(anonymous_2)","decl":{"start":{"line":68,"column":2},"end":{"line":68,"column":14}},"loc":{"start":{"line":68,"column":29},"end":{"line":71,"column":3}}},"2":{"name":"(anonymous_3)","decl":{"start":{"line":75,"column":2},"end":{"line":75,"column":14}},"loc":{"start":{"line":75,"column":29},"end":{"line":78,"column":3}}},"3":{"name":"(anonymous_4)","decl":{"start":{"line":82,"column":2},"end":{"line":82,"column":14}},"loc":{"start":{"line":82,"column":29},"end":{"line":85,"column":3}}},"4":{"name":"generateSlug","decl":{"start":{"line":88,"column":16},"end":{"line":88,"column":28}},"loc":{"start":{"line":88,"column":41},"end":{"line":98,"column":1}}},"5":{"name":"generateRandomSuffix","decl":{"start":{"line":100,"column":9},"end":{"line":100,"column":29}},"loc":{"start":{"line":100,"column":29},"end":{"line":107,"column":1}}},"6":{"name":"getJwtSecret","decl":{"start":{"line":109,"column":9},"end":{"line":109,"column":21}},"loc":{"start":{"line":109,"column":21},"end":{"line":117,"column":1}}},"7":{"name":"requireTrimmedString","decl":{"start":{"line":119,"column":9},"end":{"line":119,"column":29}},"loc":{"start":{"line":119,"column":59},"end":{"line":131,"column":1}}},"8":{"name":"normalizeEmail","decl":{"start":{"line":133,"column":9},"end":{"line":133,"column":23}},"loc":{"start":{"line":133,"column":38},"end":{"line":135,"column":1}}},"9":{"name":"validatePassword","decl":{"start":{"line":137,"column":9},"end":{"line":137,"column":25}},"loc":{"start":{"line":137,"column":40},"end":{"line":145,"column":1}}},"10":{"name":"ensureEmailIsUnique","decl":{"start":{"line":147,"column":15},"end":{"line":147,"column":34}},"loc":{"start":{"line":147,"column":80},"end":{"line":156,"column":1}}},"11":{"name":"isUniqueViolation","decl":{"start":{"line":158,"column":9},"end":{"line":158,"column":26}},"loc":{"start":{"line":158,"column":41},"end":{"line":163,"column":1}}},"12":{"name":"buildSigninResult","decl":{"start":{"line":165,"column":9},"end":{"line":165,"column":26}},"loc":{"start":{"line":165,"column":43},"end":{"line":185,"column":1}}},"13":{"name":"signup","decl":{"start":{"line":187,"column":22},"end":{"line":187,"column":28}},"loc":{"start":{"line":187,"column":47},"end":{"line":248,"column":1}}},"14":{"name":"(anonymous_15)","decl":{"start":{"line":198,"column":25},"end":{"line":198,"column":30}},"loc":{"start":{"line":198,"column":47},"end":{"line":223,"column":7}}},"15":{"name":"signin","decl":{"start":{"line":250,"column":22},"end":{"line":250,"column":28}},"loc":{"start":{"line":250,"column":47},"end":{"line":281,"column":1}}}},"branchMap":{"0":{"loc":{"start":{"line":94,"column":2},"end":{"line":96,"column":3}},"type":"if","locations":[{"start":{"line":94,"column":2},"end":{"line":96,"column":3}}]},"1":{"loc":{"start":{"line":112,"column":2},"end":{"line":114,"column":3}},"type":"if","locations":[{"start":{"line":112,"column":2},"end":{"line":114,"column":3}}]},"2":{"loc":{"start":{"line":120,"column":2},"end":{"line":122,"column":3}},"type":"if","locations":[{"start":{"line":120,"column":2},"end":{"line":122,"column":3}}]},"3":{"loc":{"start":{"line":126,"column":2},"end":{"line":128,"column":3}},"type":"if","locations":[{"start":{"line":126,"column":2},"end":{"line":128,"column":3}}]},"4":{"loc":{"start":{"line":140,"column":2},"end":{"line":142,"column":3}},"type":"if","locations":[{"start":{"line":140,"column":2},"end":{"line":142,"column":3}}]},"5":{"loc":{"start":{"line":153,"column":2},"end":{"line":155,"column":3}},"type":"if","locations":[{"start":{"line":153,"column":2},"end":{"line":155,"column":3}}]},"6":{"loc":{"start":{"line":159,"column":9},"end":{"line":162,"column":26}},"type":"binary-expr","locations":[{"start":{"line":159,"column":9},"end":{"line":159,"column":34}},{"start":{"line":160,"column":4},"end":{"line":160,"column":18}},{"start":{"line":161,"column":4},"end":{"line":161,"column":19}},{"start":{"line":162,"column":4},"end":{"line":162,"column":26}}]},"7":{"loc":{"start":{"line":196,"column":17},"end":{"line":196,"column":109}},"type":"cond-expr","locations":[{"start":{"line":196,"column":33},"end":{"line":196,"column":41}},{"start":{"line":196,"column":44},"end":{"line":196,"column":109}}]},"8":{"loc":{"start":{"line":225,"column":6},"end":{"line":227,"column":7}},"type":"if","locations":[{"start":{"line":225,"column":6},"end":{"line":227,"column":7}}]},"9":{"loc":{"start":{"line":229,"column":6},"end":{"line":241,"column":7}},"type":"if","locations":[{"start":{"line":229,"column":6},"end":{"line":241,"column":7}}]},"10":{"loc":{"start":{"line":230,"column":32},"end":{"line":234,"column":77}},"type":"binary-expr","locations":[{"start":{"line":230,"column":32},"end":{"line":230,"column":57}},{"start":{"line":231,"column":10},"end":{"line":231,"column":24}},{"start":{"line":232,"column":10},"end":{"line":232,"column":27}},{"start":{"line":233,"column":10},"end":{"line":233,"column":67}},{"start":{"line":234,"column":11},"end":{"line":234,"column":77}}]},"11":{"loc":{"start":{"line":236,"column":8},"end":{"line":238,"column":9}},"type":"if","locations":[{"start":{"line":236,"column":8},"end":{"line":238,"column":9}}]},"12":{"loc":{"start":{"line":236,"column":12},"end":{"line":236,"column":64}},"type":"binary-expr","locations":[{"start":{"line":236,"column":12},"end":{"line":236,"column":27}},{"start":{"line":236,"column":31},"end":{"line":236,"column":64}}]},"13":{"loc":{"start":{"line":270,"column":2},"end":{"line":272,"column":3}},"type":"if","locations":[{"start":{"line":270,"column":2},"end":{"line":272,"column":3}}]},"14":{"loc":{"start":{"line":276,"column":2},"end":{"line":278,"column":3}},"type":"if","locations":[{"start":{"line":276,"column":2},"end":{"line":278,"column":3}}]}},"s":{"0":9,"1":9,"2":9,"3":9,"4":9,"5":9,"6":9,"7":9,"8":9,"9":9,"10":9,"11":9,"12":11,"13":11,"14":9,"15":3,"16":3,"17":9,"18":2,"19":2,"20":9,"21":5,"22":5,"23":9,"24":23,"25":23,"26":1,"27":22,"28":2,"29":2,"30":2,"31":2,"32":12,"33":2,"34":4,"35":4,"36":0,"37":4,"38":95,"39":5,"40":90,"41":90,"42":0,"43":90,"44":27,"45":18,"46":17,"47":1,"48":16,"49":18,"50":18,"51":2,"52":2,"53":4,"54":4,"55":22,"56":21,"57":20,"58":18,"59":16,"60":16,"61":16,"62":18,"63":18,"64":18,"65":18,"66":16,"67":14,"68":14,"69":14,"70":4,"71":2,"72":2,"73":2,"74":2,"75":2,"76":0,"77":0,"78":0,"79":7,"80":7,"81":7,"82":7,"83":1,"84":6,"85":6,"86":2,"87":4},"f":{"0":11,"1":3,"2":2,"3":5,"4":23,"5":2,"6":4,"7":95,"8":27,"9":18,"10":18,"11":2,"12":4,"13":22,"14":18,"15":7},"b":{"0":[1],"1":[0],"2":[5],"3":[0],"4":[1],"5":[2],"6":[2,2,2,2],"7":[16,2],"8":[2],"9":[2],"10":[2,2,2,2,2],"11":[2],"12":[2,2],"13":[1],"14":[2]}}
,"/Users/pedronauck/Dev/courses/projects/helpdesk_example/packages/backend/src/services/organizationService.ts": {"path":"/Users/pedronauck/Dev/courses/projects/helpdesk_example/packages/backend/src/services/organizationService.ts","statementMap":{"0":{"start":{"line":54,"column":0},"end":{"line":54,"column":7}},"1":{"start":{"line":63,"column":0},"end":{"line":63,"column":7}},"2":{"start":{"line":1,"column":0},"end":{"line":1,"column":38}},"3":{"start":{"line":3,"column":24},"end":{"line":3,"column":27}},"4":{"start":{"line":17,"column":4},"end":{"line":17,"column":19}},"5":{"start":{"line":18,"column":4},"end":{"line":18,"column":34}},"6":{"start":{"line":15,"column":0},"end":{"line":15,"column":13}},"7":{"start":{"line":24,"column":4},"end":{"line":24,"column":19}},"8":{"start":{"line":25,"column":4},"end":{"line":25,"column":34}},"9":{"start":{"line":22,"column":0},"end":{"line":22,"column":13}},"10":{"start":{"line":31,"column":4},"end":{"line":31,"column":19}},"11":{"start":{"line":32,"column":4},"end":{"line":32,"column":32}},"12":{"start":{"line":29,"column":0},"end":{"line":29,"column":13}},"13":{"start":{"line":37,"column":2},"end":{"line":39,"column":3}},"14":{"start":{"line":38,"column":4},"end":{"line":38,"column":50}},"15":{"start":{"line":41,"column":26},"end":{"line":41,"column":38}},"16":{"start":{"line":43,"column":2},"end":{"line":45,"column":3}},"17":{"start":{"line":44,"column":4},"end":{"line":44,"column":50}},"18":{"start":{"line":47,"column":2},"end":{"line":49,"column":3}},"19":{"start":{"line":48,"column":4},"end":{"line":48,"column":69}},"20":{"start":{"line":51,"column":2},"end":{"line":51,"column":25}},"21":{"start":{"line":55,"column":2},"end":{"line":60,"column":4}},"22":{"start":{"line":67,"column":15},"end":{"line":67,"column":38}},"23":{"start":{"line":69,"column":23},"end":{"line":74,"column":null}},"24":{"start":{"line":77,"column":2},"end":{"line":79,"column":3}},"25":{"start":{"line":78,"column":4},"end":{"line":78,"column":54}},"26":{"start":{"line":81,"column":2},"end":{"line":81,"column":22}}},"fnMap":{"0":{"name":"(anonymous_0)","decl":{"start":{"line":16,"column":2},"end":{"line":16,"column":14}},"loc":{"start":{"line":16,"column":29},"end":{"line":19,"column":3}}},"1":{"name":"(anonymous_1)","decl":{"start":{"line":23,"column":2},"end":{"line":23,"column":14}},"loc":{"start":{"line":23,"column":29},"end":{"line":26,"column":3}}},"2":{"name":"(anonymous_2)","decl":{"start":{"line":30,"column":2},"end":{"line":30,"column":14}},"loc":{"start":{"line":30,"column":29},"end":{"line":33,"column":3}}},"3":{"name":"requireName","decl":{"start":{"line":36,"column":9},"end":{"line":36,"column":20}},"loc":{"start":{"line":36,"column":35},"end":{"line":52,"column":1}}},"4":{"name":"get","decl":{"start":{"line":54,"column":22},"end":{"line":54,"column":25}},"loc":{"start":{"line":54,"column":36},"end":{"line":61,"column":1}}},"5":{"name":"changeName","decl":{"start":{"line":63,"column":22},"end":{"line":63,"column":32}},"loc":{"start":{"line":65,"column":36},"end":{"line":82,"column":1}}}},"branchMap":{"0":{"loc":{"start":{"line":37,"column":2},"end":{"line":39,"column":3}},"type":"if","locations":[{"start":{"line":37,"column":2},"end":{"line":39,"column":3}}]},"1":{"loc":{"start":{"line":43,"column":2},"end":{"line":45,"column":3}},"type":"if","locations":[{"start":{"line":43,"column":2},"end":{"line":45,"column":3}}]},"2":{"loc":{"start":{"line":47,"column":2},"end":{"line":49,"column":3}},"type":"if","locations":[{"start":{"line":47,"column":2},"end":{"line":49,"column":3}}]},"3":{"loc":{"start":{"line":77,"column":2},"end":{"line":79,"column":3}},"type":"if","locations":[{"start":{"line":77,"column":2},"end":{"line":79,"column":3}}]}},"s":{"0":9,"1":9,"2":9,"3":9,"4":3,"5":3,"6":9,"7":3,"8":3,"9":9,"10":2,"11":2,"12":9,"13":7,"14":0,"15":7,"16":7,"17":2,"18":5,"19":2,"20":3,"21":4,"22":7,"23":3,"24":3,"25":1,"26":2},"f":{"0":3,"1":3,"2":2,"3":7,"4":4,"5":7},"b":{"0":[0],"1":[2],"2":[2],"3":[1]}}
,"/Users/pedronauck/Dev/courses/projects/helpdesk_example/packages/backend/src/services/ticketTypeService.ts": {"path":"/Users/pedronauck/Dev/courses/projects/helpdesk_example/packages/backend/src/services/ticketTypeService.ts","statementMap":{"0":{"start":{"line":135,"column":0},"end":{"line":135,"column":7}},"1":{"start":{"line":145,"column":0},"end":{"line":145,"column":7}},"2":{"start":{"line":162,"column":0},"end":{"line":162,"column":7}},"3":{"start":{"line":190,"column":0},"end":{"line":190,"column":7}},"4":{"start":{"line":204,"column":0},"end":{"line":204,"column":7}},"5":{"start":{"line":1,"column":0},"end":{"line":1,"column":38}},"6":{"start":{"line":3,"column":24},"end":{"line":3,"column":26}},"7":{"start":{"line":4,"column":31},"end":{"line":4,"column":34}},"8":{"start":{"line":24,"column":4},"end":{"line":24,"column":19}},"9":{"start":{"line":25,"column":4},"end":{"line":25,"column":34}},"10":{"start":{"line":22,"column":0},"end":{"line":22,"column":13}},"11":{"start":{"line":31,"column":4},"end":{"line":31,"column":19}},"12":{"start":{"line":32,"column":4},"end":{"line":32,"column":32}},"13":{"start":{"line":29,"column":0},"end":{"line":29,"column":13}},"14":{"start":{"line":38,"column":4},"end":{"line":38,"column":19}},"15":{"start":{"line":39,"column":4},"end":{"line":39,"column":32}},"16":{"start":{"line":36,"column":0},"end":{"line":36,"column":13}},"17":{"start":{"line":45,"column":4},"end":{"line":45,"column":19}},"18":{"start":{"line":46,"column":4},"end":{"line":46,"column":29}},"19":{"start":{"line":43,"column":0},"end":{"line":43,"column":13}},"20":{"start":{"line":51,"column":2},"end":{"line":57,"column":3}},"21":{"start":{"line":52,"column":4},"end":{"line":54,"column":5}},"22":{"start":{"line":53,"column":6},"end":{"line":53,"column":52}},"23":{"start":{"line":56,"column":4},"end":{"line":56,"column":21}},"24":{"start":{"line":59,"column":25},"end":{"line":59,"column":36}},"25":{"start":{"line":61,"column":2},"end":{"line":63,"column":3}},"26":{"start":{"line":62,"column":4},"end":{"line":62,"column":50}},"27":{"start":{"line":65,"column":2},"end":{"line":67,"column":3}},"28":{"start":{"line":66,"column":4},"end":{"line":66,"column":68}},"29":{"start":{"line":69,"column":2},"end":{"line":69,"column":24}},"30":{"start":{"line":73,"column":24},"end":{"line":73,"column":48}},"31":{"start":{"line":75,"column":2},"end":{"line":77,"column":3}},"32":{"start":{"line":76,"column":4},"end":{"line":76,"column":50}},"33":{"start":{"line":79,"column":2},"end":{"line":79,"column":23}},"34":{"start":{"line":83,"column":2},"end":{"line":85,"column":3}},"35":{"start":{"line":84,"column":4},"end":{"line":84,"column":21}},"36":{"start":{"line":87,"column":32},"end":{"line":87,"column":50}},"37":{"start":{"line":89,"column":2},"end":{"line":91,"column":3}},"38":{"start":{"line":90,"column":4},"end":{"line":90,"column":16}},"39":{"start":{"line":93,"column":2},"end":{"line":95,"column":3}},"40":{"start":{"line":94,"column":4},"end":{"line":94,"column":76}},"41":{"start":{"line":97,"column":2},"end":{"line":97,"column":31}},"42":{"start":{"line":101,"column":29},"end":{"line":117,"column":null}},"43":{"start":{"line":120,"column":2},"end":{"line":122,"column":3}},"44":{"start":{"line":121,"column":4},"end":{"line":121,"column":75}},"45":{"start":{"line":126,"column":2},"end":{"line":132,"column":4}},"46":{"start":{"line":136,"column":2},"end":{"line":142,"column":4}},"47":{"start":{"line":149,"column":15},"end":{"line":149,"column":38}},"48":{"start":{"line":150,"column":22},"end":{"line":150,"column":68}},"49":{"start":{"line":152,"column":2},"end":{"line":152,"column":49}},"50":{"start":{"line":154,"column":2},"end":{"line":159,"column":4}},"51":{"start":{"line":167,"column":29},"end":{"line":167,"column":72}},"52":{"start":{"line":169,"column":2},"end":{"line":171,"column":3}},"53":{"start":{"line":170,"column":4},"end":{"line":170,"column":53}},"54":{"start":{"line":173,"column":15},"end":{"line":173,"column":65}},"55":{"start":{"line":174,"column":22},"end":{"line":176,"column":44}},"56":{"start":{"line":178,"column":2},"end":{"line":178,"column":53}},"57":{"start":{"line":180,"column":2},"end":{"line":187,"column":4}},"58":{"start":{"line":191,"column":17},"end":{"line":198,"column":null}},"59":{"start":{"line":201,"column":2},"end":{"line":201,"column":22}},"60":{"start":{"line":205,"column":29},"end":{"line":205,"column":72}},"61":{"start":{"line":207,"column":2},"end":{"line":209,"column":3}},"62":{"start":{"line":208,"column":4},"end":{"line":208,"column":53}},"63":{"start":{"line":211,"column":2},"end":{"line":213,"column":3}},"64":{"start":{"line":212,"column":4},"end":{"line":212,"column":89}},"65":{"start":{"line":215,"column":2},"end":{"line":218,"column":5}}},"fnMap":{"0":{"name":"(anonymous_0)","decl":{"start":{"line":23,"column":2},"end":{"line":23,"column":14}},"loc":{"start":{"line":23,"column":29},"end":{"line":26,"column":3}}},"1":{"name":"(anonymous_1)","decl":{"start":{"line":30,"column":2},"end":{"line":30,"column":14}},"loc":{"start":{"line":30,"column":29},"end":{"line":33,"column":3}}},"2":{"name":"(anonymous_2)","decl":{"start":{"line":37,"column":2},"end":{"line":37,"column":14}},"loc":{"start":{"line":37,"column":29},"end":{"line":40,"column":3}}},"3":{"name":"(anonymous_3)","decl":{"start":{"line":44,"column":2},"end":{"line":44,"column":14}},"loc":{"start":{"line":44,"column":29},"end":{"line":47,"column":3}}},"4":{"name":"validateName","decl":{"start":{"line":50,"column":9},"end":{"line":50,"column":21}},"loc":{"start":{"line":50,"column":65},"end":{"line":70,"column":1}}},"5":{"name":"requireName","decl":{"start":{"line":72,"column":9},"end":{"line":72,"column":20}},"loc":{"start":{"line":72,"column":45},"end":{"line":80,"column":1}}},"6":{"name":"validateDescription","decl":{"start":{"line":82,"column":9},"end":{"line":82,"column":28}},"loc":{"start":{"line":82,"column":60},"end":{"line":98,"column":1}}},"7":{"name":"ensureNameIsUnique","decl":{"start":{"line":100,"column":15},"end":{"line":100,"column":33}},"loc":{"start":{"line":100,"column":90},"end":{"line":123,"column":1}}},"8":{"name":"getTicketTypeById","decl":{"start":{"line":125,"column":15},"end":{"line":125,"column":32}},"loc":{"start":{"line":125,"column":67},"end":{"line":133,"column":1}}},"9":{"name":"list","decl":{"start":{"line":135,"column":22},"end":{"line":135,"column":26}},"loc":{"start":{"line":135,"column":49},"end":{"line":143,"column":1}}},"10":{"name":"create","decl":{"start":{"line":145,"column":22},"end":{"line":145,"column":28}},"loc":{"start":{"line":147,"column":24},"end":{"line":160,"column":1}}},"11":{"name":"update","decl":{"start":{"line":162,"column":22},"end":{"line":162,"column":28}},"loc":{"start":{"line":165,"column":24},"end":{"line":188,"column":1}}},"12":{"name":"isInUse","decl":{"start":{"line":190,"column":22},"end":{"line":190,"column":29}},"loc":{"start":{"line":190,"column":64},"end":{"line":202,"column":1}}},"13":{"name":"remove","decl":{"start":{"line":204,"column":22},"end":{"line":204,"column":28}},"loc":{"start":{"line":204,"column":63},"end":{"line":219,"column":1}}}},"branchMap":{"0":{"loc":{"start":{"line":51,"column":2},"end":{"line":57,"column":3}},"type":"if","locations":[{"start":{"line":51,"column":2},"end":{"line":57,"column":3}}]},"1":{"loc":{"start":{"line":52,"column":4},"end":{"line":54,"column":5}},"type":"if","locations":[{"start":{"line":52,"column":4},"end":{"line":54,"column":5}}]},"2":{"loc":{"start":{"line":61,"column":2},"end":{"line":63,"column":3}},"type":"if","locations":[{"start":{"line":61,"column":2},"end":{"line":63,"column":3}}]},"3":{"loc":{"start":{"line":65,"column":2},"end":{"line":67,"column":3}},"type":"if","locations":[{"start":{"line":65,"column":2},"end":{"line":67,"column":3}}]},"4":{"loc":{"start":{"line":75,"column":2},"end":{"line":77,"column":3}},"type":"if","locations":[{"start":{"line":75,"column":2},"end":{"line":77,"column":3}}]},"5":{"loc":{"start":{"line":83,"column":2},"end":{"line":85,"column":3}},"type":"if","locations":[{"start":{"line":83,"column":2},"end":{"line":85,"column":3}}]},"6":{"loc":{"start":{"line":89,"column":2},"end":{"line":91,"column":3}},"type":"if","locations":[{"start":{"line":89,"column":2},"end":{"line":91,"column":3}}]},"7":{"loc":{"start":{"line":93,"column":2},"end":{"line":95,"column":3}},"type":"if","locations":[{"start":{"line":93,"column":2},"end":{"line":95,"column":3}}]},"8":{"loc":{"start":{"line":101,"column":29},"end":{"line":117,"column":null}},"type":"cond-expr","locations":[{"start":{"line":102,"column":6},"end":{"line":108,"column":null}},{"start":{"line":110,"column":6},"end":{"line":117,"column":null}}]},"9":{"loc":{"start":{"line":120,"column":2},"end":{"line":122,"column":3}},"type":"if","locations":[{"start":{"line":120,"column":2},"end":{"line":122,"column":3}}]},"10":{"loc":{"start":{"line":150,"column":22},"end":{"line":150,"column":68}},"type":"binary-expr","locations":[{"start":{"line":150,"column":22},"end":{"line":150,"column":60}},{"start":{"line":150,"column":64},"end":{"line":150,"column":68}}]},"11":{"loc":{"start":{"line":169,"column":2},"end":{"line":171,"column":3}},"type":"if","locations":[{"start":{"line":169,"column":2},"end":{"line":171,"column":3}}]},"12":{"loc":{"start":{"line":173,"column":27},"end":{"line":173,"column":64}},"type":"binary-expr","locations":[{"start":{"line":173,"column":27},"end":{"line":173,"column":37}},{"start":{"line":173,"column":41},"end":{"line":173,"column":64}}]},"13":{"loc":{"start":{"line":174,"column":22},"end":{"line":176,"column":44}},"type":"cond-expr","locations":[{"start":{"line":175,"column":6},"end":{"line":175,"column":36}},{"start":{"line":176,"column":6},"end":{"line":176,"column":44}}]},"14":{"loc":{"start":{"line":186,"column":11},"end":{"line":186,"column":30}},"type":"binary-expr","locations":[{"start":{"line":186,"column":11},"end":{"line":186,"column":22}},{"start":{"line":186,"column":26},"end":{"line":186,"column":30}}]},"15":{"loc":{"start":{"line":207,"column":2},"end":{"line":209,"column":3}},"type":"if","locations":[{"start":{"line":207,"column":2},"end":{"line":209,"column":3}}]},"16":{"loc":{"start":{"line":211,"column":2},"end":{"line":213,"column":3}},"type":"if","locations":[{"start":{"line":211,"column":2},"end":{"line":213,"column":3}}]}},"s":{"0":10,"1":10,"2":10,"3":10,"4":10,"5":10,"6":10,"7":10,"8":44,"9":44,"10":10,"11":36,"12":36,"13":10,"14":6,"15":6,"16":10,"17":3,"18":3,"19":10,"20":18,"21":1,"22":1,"23":0,"24":17,"25":17,"26":1,"27":16,"28":2,"29":14,"30":18,"31":14,"32":0,"33":14,"34":14,"35":0,"36":14,"37":14,"38":0,"39":14,"40":2,"41":12,"42":12,"43":12,"44":4,"45":15,"46":8,"47":13,"48":9,"49":7,"50":5,"51":8,"52":8,"53":3,"54":5,"55":5,"56":5,"57":3,"58":7,"59":7,"60":7,"61":7,"62":3,"63":4,"64":2,"65":2},"f":{"0":44,"1":36,"2":6,"3":3,"4":18,"5":18,"6":14,"7":12,"8":15,"9":8,"10":13,"11":8,"12":7,"13":7},"b":{"0":[1],"1":[1],"2":[1],"3":[2],"4":[0],"5":[0],"6":[0],"7":[2],"8":[7,5],"9":[4],"10":[9,0],"11":[3],"12":[5,0],"13":[0,5],"14":[3,0],"15":[3],"16":[2]}}
,"/Users/pedronauck/Dev/courses/projects/helpdesk_example/packages/backend/src/services/userService.ts": {"path":"/Users/pedronauck/Dev/courses/projects/helpdesk_example/packages/backend/src/services/userService.ts","statementMap":{"0":{"start":{"line":122,"column":0},"end":{"line":122,"column":7}},"1":{"start":{"line":132,"column":0},"end":{"line":132,"column":7}},"2":{"start":{"line":161,"column":0},"end":{"line":161,"column":7}},"3":{"start":{"line":1,"column":0},"end":{"line":1,"column":28}},"4":{"start":{"line":2,"column":0},"end":{"line":2,"column":38}},"5":{"start":{"line":4,"column":28},"end":{"line":4,"column":29}},"6":{"start":{"line":5,"column":27},"end":{"line":5,"column":29}},"7":{"start":{"line":25,"column":4},"end":{"line":25,"column":19}},"8":{"start":{"line":26,"column":4},"end":{"line":26,"column":34}},"9":{"start":{"line":23,"column":0},"end":{"line":23,"column":13}},"10":{"start":{"line":32,"column":4},"end":{"line":32,"column":19}},"11":{"start":{"line":33,"column":4},"end":{"line":33,"column":38}},"12":{"start":{"line":30,"column":0},"end":{"line":30,"column":13}},"13":{"start":{"line":39,"column":4},"end":{"line":39,"column":19}},"14":{"start":{"line":40,"column":4},"end":{"line":40,"column":38}},"15":{"start":{"line":37,"column":0},"end":{"line":37,"column":13}},"16":{"start":{"line":46,"column":4},"end":{"line":46,"column":19}},"17":{"start":{"line":47,"column":4},"end":{"line":47,"column":32}},"18":{"start":{"line":44,"column":0},"end":{"line":44,"column":13}},"19":{"start":{"line":53,"column":4},"end":{"line":53,"column":19}},"20":{"start":{"line":54,"column":4},"end":{"line":54,"column":33}},"21":{"start":{"line":51,"column":0},"end":{"line":51,"column":13}},"22":{"start":{"line":59,"column":2},"end":{"line":61,"column":3}},"23":{"start":{"line":60,"column":4},"end":{"line":60,"column":54}},"24":{"start":{"line":63,"column":26},"end":{"line":63,"column":38}},"25":{"start":{"line":65,"column":2},"end":{"line":67,"column":3}},"26":{"start":{"line":66,"column":4},"end":{"line":66,"column":54}},"27":{"start":{"line":69,"column":2},"end":{"line":69,"column":25}},"28":{"start":{"line":73,"column":2},"end":{"line":73,"column":60}},"29":{"start":{"line":77,"column":19},"end":{"line":77,"column":58}},"30":{"start":{"line":79,"column":2},"end":{"line":81,"column":3}},"31":{"start":{"line":80,"column":4},"end":{"line":80,"column":76}},"32":{"start":{"line":83,"column":2},"end":{"line":83,"column":18}},"33":{"start":{"line":87,"column":2},"end":{"line":89,"column":3}},"34":{"start":{"line":88,"column":4},"end":{"line":88,"column":51}},"35":{"start":{"line":91,"column":2},"end":{"line":91,"column":15}},"36":{"start":{"line":95,"column":23},"end":{"line":97,"column":null}},"37":{"start":{"line":100,"column":2},"end":{"line":102,"column":3}},"38":{"start":{"line":101,"column":4},"end":{"line":101,"column":61}},"39":{"start":{"line":106,"column":2},"end":{"line":109,"column":27}},"40":{"start":{"line":113,"column":2},"end":{"line":119,"column":4}},"41":{"start":{"line":123,"column":2},"end":{"line":129,"column":4}},"42":{"start":{"line":133,"column":15},"end":{"line":133,"column":55}},"43":{"start":{"line":134,"column":16},"end":{"line":134,"column":43}},"44":{"start":{"line":135,"column":19},"end":{"line":135,"column":51}},"45":{"start":{"line":136,"column":16},"end":{"line":136,"column":41}},"46":{"start":{"line":138,"column":2},"end":{"line":158,"column":3}},"47":{"start":{"line":139,"column":4},"end":{"line":139,"column":41}},"48":{"start":{"line":140,"column":25},"end":{"line":140,"column":72}},"49":{"start":{"line":142,"column":4},"end":{"line":147,"column":6}},"50":{"start":{"line":149,"column":4},"end":{"line":151,"column":5}},"51":{"start":{"line":150,"column":6},"end":{"line":150,"column":18}},"52":{"start":{"line":153,"column":4},"end":{"line":155,"column":5}},"53":{"start":{"line":154,"column":6},"end":{"line":154,"column":63}},"54":{"start":{"line":157,"column":4},"end":{"line":157,"column":16}},"55":{"start":{"line":166,"column":23},"end":{"line":166,"column":64}},"56":{"start":{"line":168,"column":2},"end":{"line":170,"column":3}},"57":{"start":{"line":169,"column":4},"end":{"line":169,"column":46}},"58":{"start":{"line":172,"column":2},"end":{"line":174,"column":3}},"59":{"start":{"line":173,"column":4},"end":{"line":173,"column":63}},"60":{"start":{"line":176,"column":2},"end":{"line":176,"column":102}}},"fnMap":{"0":{"name":"(anonymous_1)","decl":{"start":{"line":24,"column":2},"end":{"line":24,"column":14}},"loc":{"start":{"line":24,"column":29},"end":{"line":27,"column":3}}},"1":{"name":"(anonymous_2)","decl":{"start":{"line":31,"column":2},"end":{"line":31,"column":14}},"loc":{"start":{"line":31,"column":29},"end":{"line":34,"column":3}}},"2":{"name":"(anonymous_3)","decl":{"start":{"line":38,"column":2},"end":{"line":38,"column":14}},"loc":{"start":{"line":38,"column":29},"end":{"line":41,"column":3}}},"3":{"name":"(anonymous_4)","decl":{"start":{"line":45,"column":2},"end":{"line":45,"column":14}},"loc":{"start":{"line":45,"column":29},"end":{"line":48,"column":3}}},"4":{"name":"(anonymous_5)","decl":{"start":{"line":52,"column":2},"end":{"line":52,"column":14}},"loc":{"start":{"line":52,"column":29},"end":{"line":55,"column":3}}},"5":{"name":"requireTrimmedString","decl":{"start":{"line":58,"column":9},"end":{"line":58,"column":29}},"loc":{"start":{"line":58,"column":59},"end":{"line":70,"column":1}}},"6":{"name":"normalizeEmail","decl":{"start":{"line":72,"column":9},"end":{"line":72,"column":23}},"loc":{"start":{"line":72,"column":38},"end":{"line":74,"column":1}}},"7":{"name":"validatePassword","decl":{"start":{"line":76,"column":9},"end":{"line":76,"column":25}},"loc":{"start":{"line":76,"column":40},"end":{"line":84,"column":1}}},"8":{"name":"requireAdmin","decl":{"start":{"line":86,"column":9},"end":{"line":86,"column":21}},"loc":{"start":{"line":86,"column":36},"end":{"line":92,"column":1}}},"9":{"name":"ensureEmailIsUnique","decl":{"start":{"line":94,"column":15},"end":{"line":94,"column":34}},"loc":{"start":{"line":94,"column":80},"end":{"line":103,"column":1}}},"10":{"name":"isUniqueViolation","decl":{"start":{"line":105,"column":9},"end":{"line":105,"column":26}},"loc":{"start":{"line":105,"column":41},"end":{"line":110,"column":1}}},"11":{"name":"getUserById","decl":{"start":{"line":112,"column":15},"end":{"line":112,"column":26}},"loc":{"start":{"line":112,"column":61},"end":{"line":120,"column":1}}},"12":{"name":"list","decl":{"start":{"line":122,"column":22},"end":{"line":122,"column":26}},"loc":{"start":{"line":122,"column":49},"end":{"line":130,"column":1}}},"13":{"name":"create","decl":{"start":{"line":132,"column":22},"end":{"line":132,"column":28}},"loc":{"start":{"line":132,"column":75},"end":{"line":159,"column":1}}},"14":{"name":"remove","decl":{"start":{"line":161,"column":22},"end":{"line":161,"column":28}},"loc":{"start":{"line":164,"column":29},"end":{"line":177,"column":1}}}},"branchMap":{"0":{"loc":{"start":{"line":59,"column":2},"end":{"line":61,"column":3}},"type":"if","locations":[{"start":{"line":59,"column":2},"end":{"line":61,"column":3}}]},"1":{"loc":{"start":{"line":65,"column":2},"end":{"line":67,"column":3}},"type":"if","locations":[{"start":{"line":65,"column":2},"end":{"line":67,"column":3}}]},"2":{"loc":{"start":{"line":79,"column":2},"end":{"line":81,"column":3}},"type":"if","locations":[{"start":{"line":79,"column":2},"end":{"line":81,"column":3}}]},"3":{"loc":{"start":{"line":87,"column":2},"end":{"line":89,"column":3}},"type":"if","locations":[{"start":{"line":87,"column":2},"end":{"line":89,"column":3}}]},"4":{"loc":{"start":{"line":100,"column":2},"end":{"line":102,"column":3}},"type":"if","locations":[{"start":{"line":100,"column":2},"end":{"line":102,"column":3}}]},"5":{"loc":{"start":{"line":106,"column":9},"end":{"line":109,"column":26}},"type":"binary-expr","locations":[{"start":{"line":106,"column":9},"end":{"line":106,"column":34}},{"start":{"line":107,"column":4},"end":{"line":107,"column":18}},{"start":{"line":108,"column":4},"end":{"line":108,"column":19}},{"start":{"line":109,"column":4},"end":{"line":109,"column":26}}]},"6":{"loc":{"start":{"line":149,"column":4},"end":{"line":151,"column":5}},"type":"if","locations":[{"start":{"line":149,"column":4},"end":{"line":151,"column":5}}]},"7":{"loc":{"start":{"line":153,"column":4},"end":{"line":155,"column":5}},"type":"if","locations":[{"start":{"line":153,"column":4},"end":{"line":155,"column":5}}]},"8":{"loc":{"start":{"line":168,"column":2},"end":{"line":170,"column":3}},"type":"if","locations":[{"start":{"line":168,"column":2},"end":{"line":170,"column":3}}]},"9":{"loc":{"start":{"line":172,"column":2},"end":{"line":174,"column":3}},"type":"if","locations":[{"start":{"line":172,"column":2},"end":{"line":174,"column":3}}]}},"s":{"0":9,"1":9,"2":9,"3":9,"4":9,"5":9,"6":9,"7":8,"8":8,"9":9,"10":5,"11":5,"12":9,"13":2,"14":2,"15":9,"16":3,"17":3,"18":9,"19":3,"20":3,"21":9,"22":27,"23":3,"24":24,"25":24,"26":0,"27":24,"28":9,"29":8,"30":7,"31":1,"32":6,"33":6,"34":1,"35":5,"36":5,"37":5,"38":3,"39":0,"40":5,"41":3,"42":10,"43":9,"44":8,"45":6,"46":5,"47":5,"48":2,"49":2,"50":3,"51":3,"52":0,"53":0,"54":0,"55":5,"56":5,"57":2,"58":3,"59":2,"60":1},"f":{"0":8,"1":5,"2":2,"3":3,"4":3,"5":27,"6":9,"7":8,"8":6,"9":5,"10":0,"11":5,"12":3,"13":10,"14":5},"b":{"0":[3],"1":[0],"2":[1],"3":[1],"4":[3],"5":[0,0,0,0],"6":[3],"7":[0],"8":[2],"9":[2]}}
}
