TN:
SF:src/index.ts
FN:26,(anonymous_1)
FN:35,(anonymous_2)
FN:40,(anonymous_3)
FNF:3
FNH:2
FNDA:2,(anonymous_1)
FNDA:1,(anonymous_2)
FNDA:0,(anonymous_3)
DA:1,8
DA:2,8
DA:3,8
DA:4,8
DA:5,8
DA:6,8
DA:7,8
DA:8,8
DA:9,8
DA:10,8
DA:11,8
DA:13,8
DA:14,8
DA:16,8
DA:17,8
DA:18,8
DA:19,8
DA:20,8
DA:21,8
DA:22,8
DA:23,8
DA:24,8
DA:26,8
DA:27,2
DA:28,2
DA:29,1
DA:31,1
DA:35,8
DA:36,1
DA:39,8
DA:40,0
DA:41,0
LF:32
LH:30
BRDA:14,0,0,8
BRDA:14,0,1,0
BRDA:39,1,0,0
BRF:3
BRH:1
end_of_record
TN:
SF:src/data/authMiddleware.ts
FN:14,getJwtSecret
FN:24,isAuthenticatedUser
FN:38,authMiddleware
FN:87,adminMiddleware
FNF:4
FNH:4
FNDA:72,getJwtSecret
FNDA:68,isAuthenticatedUser
FNDA:87,authMiddleware
FNDA:27,adminMiddleware
DA:2,9
DA:15,72
DA:17,72
DA:18,0
DA:21,72
DA:25,68
DA:26,0
DA:29,68
DA:31,68
DA:38,9
DA:39,87
DA:41,87
DA:42,14
DA:43,14
DA:46,73
DA:47,1
DA:48,1
DA:51,72
DA:53,72
DA:54,0
DA:55,0
DA:58,72
DA:59,72
DA:61,68
DA:62,0
DA:63,0
DA:66,68
DA:71,68
DA:73,4
DA:74,1
DA:75,1
DA:78,3
DA:79,3
DA:80,3
DA:83,0
DA:87,9
DA:88,27
DA:90,27
DA:91,7
DA:92,7
DA:95,20
LF:41
LH:34
BRDA:17,0,0,0
BRDA:25,1,0,0
BRDA:25,2,0,68
BRDA:25,2,1,68
BRDA:32,3,0,68
BRDA:32,3,1,68
BRDA:32,3,2,68
BRDA:41,4,0,14
BRDA:46,5,0,1
BRDA:53,6,0,0
BRDA:61,7,0,0
BRDA:73,8,0,1
BRDA:78,9,0,3
BRDA:90,10,0,7
BRF:14
BRH:10
end_of_record
TN:
SF:src/data/database.ts
FN:14,(anonymous_1)
FNF:1
FNH:1
FNDA:16,(anonymous_1)
DA:1,16
DA:2,16
DA:4,16
DA:6,16
DA:14,16
DA:16,16
LF:6
LH:6
BRDA:7,0,0,16
BRDA:7,0,1,0
BRDA:8,1,0,16
BRDA:8,1,1,0
BRDA:9,2,0,16
BRDA:9,2,1,0
BRDA:10,3,0,16
BRDA:10,3,1,0
BRDA:11,4,0,16
BRDA:11,4,1,0
BRF:10
BRH:5
end_of_record
TN:
SF:src/data/testHelper.ts
FN:6,verifyTestDatabaseConnection
FN:10,ensureDefaultOrganization
FN:26,truncateTables
FN:31,closeTestDatabase
FNF:4
FNH:4
FNDA:17,verifyTestDatabaseConnection
FNDA:328,ensureDefaultOrganization
FNDA:222,truncateTables
FNDA:16,closeTestDatabase
DA:1,16
DA:3,16
DA:4,16
DA:6,16
DA:7,17
DA:10,16
DA:11,328
DA:16,328
DA:17,106
DA:20,222
DA:26,16
DA:27,222
DA:28,222
DA:31,16
DA:32,16
LF:15
LH:15
BRDA:16,0,0,106
BRF:1
BRH:1
end_of_record
TN:
SF:src/routes/authRoutes.ts
FN:13,sendErrorResponse
FN:32,(anonymous_1)
FN:45,(anonymous_2)
FNF:3
FNH:3
FNDA:3,sendErrorResponse
FNDA:9,(anonymous_1)
FNDA:3,(anonymous_2)
DA:1,8
DA:2,8
DA:11,8
DA:14,3
DA:15,1
DA:18,2
DA:22,1
DA:25,1
DA:26,1
DA:29,0
DA:32,8
DA:33,9
DA:34,9
DA:35,7
DA:37,2
DA:38,2
DA:40,0
DA:45,8
DA:46,3
DA:47,3
DA:48,2
DA:50,1
DA:51,1
DA:53,0
LF:24
LH:21
BRDA:14,0,0,1
BRDA:18,1,0,1
BRDA:19,2,0,2
BRDA:19,2,1,1
BRDA:25,3,0,1
BRF:5
BRH:5
end_of_record
TN:
SF:src/routes/organizationRoutes.ts
FN:18,sendErrorResponse
FN:34,(anonymous_1)
FN:53,(anonymous_2)
FNF:3
FNH:3
FNDA:2,sendErrorResponse
FNDA:2,(anonymous_1)
FNDA:3,(anonymous_2)
DA:1,8
DA:2,8
DA:7,8
DA:15,8
DA:16,8
DA:19,2
DA:20,1
DA:23,1
DA:24,1
DA:27,0
DA:28,0
DA:31,0
DA:34,8
DA:35,2
DA:36,2
DA:37,2
DA:39,2
DA:40,1
DA:41,1
DA:44,1
DA:46,0
DA:50,8
DA:54,3
DA:55,3
DA:56,3
DA:57,1
DA:59,2
DA:60,2
DA:62,0
LF:29
LH:24
BRDA:19,0,0,1
BRDA:23,1,0,1
BRDA:27,2,0,0
BRDA:39,3,0,1
BRF:4
BRH:3
end_of_record
TN:
SF:src/routes/ticketTypeRoutes.ts
FN:21,parseId
FN:31,getIdParam
FN:41,sendErrorResponse
FN:60,(anonymous_3)
FN:73,(anonymous_4)
FN:91,(anonymous_5)
FN:109,(anonymous_6)
FNF:7
FNH:7
FNDA:6,parseId
FNDA:6,getIdParam
FNDA:8,sendErrorResponse
FNDA:2,(anonymous_3)
FNDA:5,(anonymous_4)
FNDA:3,(anonymous_5)
FNDA:3,(anonymous_6)
DA:1,8
DA:2,8
DA:7,8
DA:18,8
DA:19,8
DA:22,6
DA:24,6
DA:25,0
DA:28,6
DA:32,6
DA:34,6
DA:35,0
DA:38,6
DA:42,8
DA:46,5
DA:49,3
DA:50,2
DA:53,1
DA:54,1
DA:57,0
DA:60,8
DA:61,2
DA:62,2
DA:63,2
DA:64,2
DA:66,0
DA:70,8
DA:74,5
DA:75,5
DA:76,5
DA:77,1
DA:79,4
DA:80,4
DA:82,0
DA:88,8
DA:92,3
DA:93,3
DA:94,3
DA:95,1
DA:97,2
DA:98,2
DA:100,0
DA:106,8
DA:110,3
DA:111,3
DA:112,3
DA:113,1
DA:115,2
DA:116,2
DA:118,0
LF:50
LH:43
BRDA:24,0,0,0
BRDA:24,1,0,6
BRDA:24,1,1,6
BRDA:34,2,0,0
BRDA:42,3,0,5
BRDA:43,4,0,8
BRDA:43,4,1,5
BRDA:49,5,0,2
BRDA:53,6,0,1
BRF:9
BRH:7
end_of_record
TN:
SF:src/routes/userRoutes.ts
FN:22,parseId
FN:32,getUserIdParam
FN:42,sendErrorResponse
FN:65,(anonymous_3)
FN:75,(anonymous_4)
FN:89,(anonymous_5)
FNF:6
FNH:6
FNDA:2,parseId
FNDA:2,getUserIdParam
FNDA:3,sendErrorResponse
FNDA:1,(anonymous_3)
FNDA:2,(anonymous_4)
FNDA:2,(anonymous_5)
DA:1,8
DA:2,8
DA:7,8
DA:18,8
DA:19,8
DA:20,8
DA:23,2
DA:25,2
DA:26,0
DA:29,2
DA:33,2
DA:35,2
DA:36,0
DA:39,2
DA:43,3
DA:44,0
DA:47,3
DA:51,1
DA:54,2
DA:55,1
DA:58,1
DA:59,1
DA:62,0
DA:65,8
DA:66,1
DA:67,1
DA:68,1
DA:69,1
DA:71,0
DA:75,8
DA:76,2
DA:77,2
DA:78,2
DA:79,1
DA:81,1
DA:82,1
DA:84,0
DA:89,8
DA:90,2
DA:91,2
DA:92,2
DA:93,0
DA:95,2
DA:96,2
DA:98,0
LF:45
LH:37
BRDA:25,0,0,0
BRDA:25,1,0,2
BRDA:25,1,1,2
BRDA:35,2,0,0
BRDA:43,3,0,0
BRDA:47,4,0,1
BRDA:48,5,0,3
BRDA:48,5,1,2
BRDA:54,6,0,1
BRDA:58,7,0,1
BRF:10
BRH:7
end_of_record
TN:
SF:src/services/authService.ts
FN:61,(anonymous_1)
FN:68,(anonymous_2)
FN:75,(anonymous_3)
FN:82,(anonymous_4)
FN:88,generateSlug
FN:100,generateRandomSuffix
FN:109,getJwtSecret
FN:119,requireTrimmedString
FN:133,normalizeEmail
FN:137,validatePassword
FN:147,ensureEmailIsUnique
FN:158,isUniqueViolation
FN:165,buildSigninResult
FN:187,signup
FN:198,(anonymous_15)
FN:250,signin
FNF:16
FNH:16
FNDA:11,(anonymous_1)
FNDA:3,(anonymous_2)
FNDA:2,(anonymous_3)
FNDA:5,(anonymous_4)
FNDA:23,generateSlug
FNDA:2,generateRandomSuffix
FNDA:4,getJwtSecret
FNDA:95,requireTrimmedString
FNDA:27,normalizeEmail
FNDA:18,validatePassword
FNDA:18,ensureEmailIsUnique
FNDA:2,isUniqueViolation
FNDA:4,buildSigninResult
FNDA:22,signup
FNDA:18,(anonymous_15)
FNDA:7,signin
DA:1,9
DA:2,9
DA:3,9
DA:5,9
DA:6,9
DA:7,9
DA:8,9
DA:9,9
DA:10,9
DA:60,9
DA:62,11
DA:63,11
DA:67,9
DA:69,3
DA:70,3
DA:74,9
DA:76,2
DA:77,2
DA:81,9
DA:83,5
DA:84,5
DA:88,9
DA:89,23
DA:94,23
DA:95,1
DA:97,22
DA:101,2
DA:102,2
DA:103,2
DA:104,12
DA:106,2
DA:110,4
DA:112,4
DA:113,0
DA:116,4
DA:120,95
DA:121,5
DA:124,90
DA:126,90
DA:127,0
DA:130,90
DA:134,27
DA:138,18
DA:140,17
DA:141,1
DA:144,16
DA:148,18
DA:153,18
DA:154,2
DA:159,2
DA:166,4
DA:176,4
DA:187,9
DA:188,22
DA:189,21
DA:190,20
DA:191,18
DA:193,16
DA:195,16
DA:196,18
DA:197,18
DA:198,18
DA:199,18
DA:201,16
DA:206,14
DA:207,14
DA:219,14
DA:225,4
DA:226,2
DA:229,2
DA:230,2
DA:236,2
DA:237,2
DA:240,0
DA:243,0
DA:247,0
DA:250,9
DA:251,7
DA:252,7
DA:253,7
DA:270,7
DA:271,1
DA:274,6
DA:276,6
DA:277,2
DA:280,4
LF:86
LH:81
BRDA:94,0,0,1
BRDA:112,1,0,0
BRDA:120,2,0,5
BRDA:126,3,0,0
BRDA:140,4,0,1
BRDA:153,5,0,2
BRDA:159,6,0,2
BRDA:159,6,1,2
BRDA:159,6,2,2
BRDA:159,6,3,2
BRDA:196,7,0,16
BRDA:196,7,1,2
BRDA:225,8,0,2
BRDA:229,9,0,2
BRDA:230,10,0,2
BRDA:230,10,1,2
BRDA:230,10,2,2
BRDA:230,10,3,2
BRDA:230,10,4,2
BRDA:236,11,0,2
BRDA:236,12,0,2
BRDA:236,12,1,2
BRDA:270,13,0,1
BRDA:276,14,0,2
BRF:24
BRH:22
end_of_record
TN:
SF:src/services/organizationService.ts
FN:16,(anonymous_0)
FN:23,(anonymous_1)
FN:30,(anonymous_2)
FN:36,requireName
FN:54,get
FN:63,changeName
FNF:6
FNH:6
FNDA:3,(anonymous_0)
FNDA:3,(anonymous_1)
FNDA:2,(anonymous_2)
FNDA:7,requireName
FNDA:4,get
FNDA:7,changeName
DA:1,9
DA:3,9
DA:15,9
DA:17,3
DA:18,3
DA:22,9
DA:24,3
DA:25,3
DA:29,9
DA:31,2
DA:32,2
DA:37,7
DA:38,0
DA:41,7
DA:43,7
DA:44,2
DA:47,5
DA:48,2
DA:51,3
DA:54,9
DA:55,4
DA:63,9
DA:67,7
DA:69,3
DA:77,3
DA:78,1
DA:81,2
LF:27
LH:26
BRDA:37,0,0,0
BRDA:43,1,0,2
BRDA:47,2,0,2
BRDA:77,3,0,1
BRF:4
BRH:3
end_of_record
TN:
SF:src/services/ticketTypeService.ts
FN:23,(anonymous_0)
FN:30,(anonymous_1)
FN:37,(anonymous_2)
FN:44,(anonymous_3)
FN:50,validateName
FN:72,requireName
FN:82,validateDescription
FN:100,ensureNameIsUnique
FN:125,getTicketTypeById
FN:135,list
FN:145,create
FN:162,update
FN:190,isInUse
FN:204,remove
FNF:14
FNH:14
FNDA:44,(anonymous_0)
FNDA:36,(anonymous_1)
FNDA:6,(anonymous_2)
FNDA:3,(anonymous_3)
FNDA:18,validateName
FNDA:18,requireName
FNDA:14,validateDescription
FNDA:12,ensureNameIsUnique
FNDA:15,getTicketTypeById
FNDA:8,list
FNDA:13,create
FNDA:8,update
FNDA:7,isInUse
FNDA:7,remove
DA:1,10
DA:3,10
DA:4,10
DA:22,10
DA:24,44
DA:25,44
DA:29,10
DA:31,36
DA:32,36
DA:36,10
DA:38,6
DA:39,6
DA:43,10
DA:45,3
DA:46,3
DA:51,18
DA:52,1
DA:53,1
DA:56,0
DA:59,17
DA:61,17
DA:62,1
DA:65,16
DA:66,2
DA:69,14
DA:73,18
DA:75,14
DA:76,0
DA:79,14
DA:83,14
DA:84,0
DA:87,14
DA:89,14
DA:90,0
DA:93,14
DA:94,2
DA:97,12
DA:101,12
DA:120,12
DA:121,4
DA:126,15
DA:135,10
DA:136,8
DA:145,10
DA:149,13
DA:150,9
DA:152,7
DA:154,5
DA:162,10
DA:167,8
DA:169,8
DA:170,3
DA:173,5
DA:174,5
DA:178,5
DA:180,3
DA:190,10
DA:191,7
DA:201,7
DA:204,10
DA:205,7
DA:207,7
DA:208,3
DA:211,4
DA:212,2
DA:215,2
LF:66
LH:62
BRDA:51,0,0,1
BRDA:52,1,0,1
BRDA:61,2,0,1
BRDA:65,3,0,2
BRDA:75,4,0,0
BRDA:83,5,0,0
BRDA:89,6,0,0
BRDA:93,7,0,2
BRDA:101,8,0,7
BRDA:101,8,1,5
BRDA:120,9,0,4
BRDA:150,10,0,9
BRDA:150,10,1,0
BRDA:169,11,0,3
BRDA:173,12,0,5
BRDA:173,12,1,0
BRDA:174,13,0,0
BRDA:174,13,1,5
BRDA:186,14,0,3
BRDA:186,14,1,0
BRDA:207,15,0,3
BRDA:211,16,0,2
BRF:22
BRH:15
end_of_record
TN:
SF:src/services/userService.ts
FN:24,(anonymous_1)
FN:31,(anonymous_2)
FN:38,(anonymous_3)
FN:45,(anonymous_4)
FN:52,(anonymous_5)
FN:58,requireTrimmedString
FN:72,normalizeEmail
FN:76,validatePassword
FN:86,requireAdmin
FN:94,ensureEmailIsUnique
FN:105,isUniqueViolation
FN:112,getUserById
FN:122,list
FN:132,create
FN:161,remove
FNF:15
FNH:14
FNDA:8,(anonymous_1)
FNDA:5,(anonymous_2)
FNDA:2,(anonymous_3)
FNDA:3,(anonymous_4)
FNDA:3,(anonymous_5)
FNDA:27,requireTrimmedString
FNDA:9,normalizeEmail
FNDA:8,validatePassword
FNDA:6,requireAdmin
FNDA:5,ensureEmailIsUnique
FNDA:0,isUniqueViolation
FNDA:5,getUserById
FNDA:3,list
FNDA:10,create
FNDA:5,remove
DA:1,9
DA:2,9
DA:4,9
DA:5,9
DA:23,9
DA:25,8
DA:26,8
DA:30,9
DA:32,5
DA:33,5
DA:37,9
DA:39,2
DA:40,2
DA:44,9
DA:46,3
DA:47,3
DA:51,9
DA:53,3
DA:54,3
DA:59,27
DA:60,3
DA:63,24
DA:65,24
DA:66,0
DA:69,24
DA:73,9
DA:77,8
DA:79,7
DA:80,1
DA:83,6
DA:87,6
DA:88,1
DA:91,5
DA:95,5
DA:100,5
DA:101,3
DA:106,0
DA:113,5
DA:122,9
DA:123,3
DA:132,9
DA:133,10
DA:134,9
DA:135,8
DA:136,6
DA:138,5
DA:139,5
DA:140,2
DA:142,2
DA:149,3
DA:150,3
DA:153,0
DA:154,0
DA:157,0
DA:161,9
DA:166,5
DA:168,5
DA:169,2
DA:172,3
DA:173,2
DA:176,1
LF:61
LH:56
BRDA:59,0,0,3
BRDA:65,1,0,0
BRDA:79,2,0,1
BRDA:87,3,0,1
BRDA:100,4,0,3
BRDA:106,5,0,0
BRDA:106,5,1,0
BRDA:106,5,2,0
BRDA:106,5,3,0
BRDA:149,6,0,3
BRDA:153,7,0,0
BRDA:168,8,0,2
BRDA:172,9,0,2
BRF:13
BRH:7
end_of_record
