TN:
SF:src/index.ts
FN:26,(anonymous_1)
FN:35,(anonymous_2)
FN:40,(anonymous_3)
FNF:3
FNH:0
FNDA:0,(anonymous_1)
FNDA:0,(anonymous_2)
FNDA:0,(anonymous_3)
DA:1,3
DA:2,3
DA:3,3
DA:4,3
DA:5,3
DA:6,3
DA:7,3
DA:8,3
DA:9,3
DA:10,3
DA:11,3
DA:13,3
DA:14,3
DA:16,3
DA:17,3
DA:18,3
DA:19,3
DA:20,3
DA:21,3
DA:22,3
DA:23,3
DA:24,3
DA:26,3
DA:27,0
DA:28,0
DA:29,0
DA:31,0
DA:35,3
DA:36,0
DA:39,3
DA:40,0
DA:41,0
LF:32
LH:25
BRDA:14,0,0,3
BRDA:14,0,1,0
BRDA:39,1,0,0
BRF:3
BRH:1
end_of_record
TN:
SF:src/data/authMiddleware.ts
FN:14,getJwtSecret
FN:24,isAuthenticatedUser
FN:38,authMiddleware
FN:87,adminMiddleware
FNF:4
FNH:4
FNDA:40,getJwtSecret
FNDA:39,isAuthenticatedUser
FNDA:47,authMiddleware
FNDA:14,adminMiddleware
DA:2,3
DA:15,40
DA:17,40
DA:18,0
DA:21,40
DA:25,39
DA:26,0
DA:29,39
DA:31,39
DA:38,3
DA:39,47
DA:41,47
DA:42,7
DA:43,7
DA:46,40
DA:47,0
DA:48,0
DA:51,40
DA:53,40
DA:54,0
DA:55,0
DA:58,40
DA:59,40
DA:61,39
DA:62,0
DA:63,0
DA:66,39
DA:71,39
DA:73,1
DA:74,0
DA:75,0
DA:78,1
DA:79,1
DA:80,1
DA:83,0
DA:87,3
DA:88,14
DA:90,14
DA:91,3
DA:92,3
DA:95,11
LF:41
LH:30
BRDA:17,0,0,0
BRDA:25,1,0,0
BRDA:25,2,0,39
BRDA:25,2,1,39
BRDA:32,3,0,39
BRDA:32,3,1,39
BRDA:32,3,2,39
BRDA:41,4,0,7
BRDA:46,5,0,0
BRDA:53,6,0,0
BRDA:61,7,0,0
BRDA:73,8,0,0
BRDA:78,9,0,1
BRDA:90,10,0,3
BRF:14
BRH:8
end_of_record
TN:
SF:src/data/database.ts
FN:14,(anonymous_1)
FNF:1
FNH:1
FNDA:6,(anonymous_1)
DA:1,6
DA:2,6
DA:4,6
DA:6,6
DA:14,6
DA:16,6
LF:6
LH:6
BRDA:7,0,0,6
BRDA:7,0,1,0
BRDA:8,1,0,6
BRDA:8,1,1,0
BRDA:9,2,0,6
BRDA:9,2,1,0
BRDA:10,3,0,6
BRDA:10,3,1,0
BRDA:11,4,0,6
BRDA:11,4,1,0
BRF:10
BRH:5
end_of_record
TN:
SF:src/data/testHelper.ts
FN:6,verifyTestDatabaseConnection
FN:10,ensureDefaultOrganization
FN:26,truncateTables
FN:31,closeTestDatabase
FNF:4
FNH:4
FNDA:6,verifyTestDatabaseConnection
FNDA:187,ensureDefaultOrganization
FNDA:121,truncateTables
FNDA:6,closeTestDatabase
DA:1,6
DA:3,6
DA:4,6
DA:6,6
DA:7,6
DA:10,6
DA:11,187
DA:16,187
DA:17,66
DA:20,121
DA:26,6
DA:27,121
DA:28,121
DA:31,6
DA:32,6
LF:15
LH:15
BRDA:16,0,0,66
BRF:1
BRH:1
end_of_record
TN:
SF:src/routes/authRoutes.ts
FN:13,sendErrorResponse
FN:32,(anonymous_1)
FN:45,(anonymous_2)
FNF:3
FNH:0
FNDA:0,sendErrorResponse
FNDA:0,(anonymous_1)
FNDA:0,(anonymous_2)
DA:1,3
DA:2,3
DA:11,3
DA:14,0
DA:15,0
DA:18,0
DA:22,0
DA:25,0
DA:26,0
DA:29,0
DA:32,3
DA:33,0
DA:34,0
DA:35,0
DA:37,0
DA:38,0
DA:40,0
DA:45,3
DA:46,0
DA:47,0
DA:48,0
DA:50,0
DA:51,0
DA:53,0
LF:24
LH:5
BRDA:14,0,0,0
BRDA:18,1,0,0
BRDA:19,2,0,0
BRDA:19,2,1,0
BRDA:25,3,0,0
BRF:5
BRH:0
end_of_record
TN:
SF:src/routes/organizationRoutes.ts
FN:18,sendErrorResponse
FN:34,(anonymous_1)
FN:53,(anonymous_2)
FNF:3
FNH:0
FNDA:0,sendErrorResponse
FNDA:0,(anonymous_1)
FNDA:0,(anonymous_2)
DA:1,3
DA:2,3
DA:7,3
DA:15,3
DA:16,3
DA:19,0
DA:20,0
DA:23,0
DA:24,0
DA:27,0
DA:28,0
DA:31,0
DA:34,3
DA:35,0
DA:36,0
DA:37,0
DA:39,0
DA:40,0
DA:41,0
DA:44,0
DA:46,0
DA:50,3
DA:54,0
DA:55,0
DA:56,0
DA:57,0
DA:59,0
DA:60,0
DA:62,0
LF:29
LH:7
BRDA:19,0,0,0
BRDA:23,1,0,0
BRDA:27,2,0,0
BRDA:39,3,0,0
BRF:4
BRH:0
end_of_record
TN:
SF:src/routes/ticketTypeRoutes.ts
FN:21,parseId
FN:31,getIdParam
FN:41,sendErrorResponse
FN:60,(anonymous_3)
FN:73,(anonymous_4)
FN:91,(anonymous_5)
FN:109,(anonymous_6)
FNF:7
FNH:7
FNDA:6,parseId
FNDA:6,getIdParam
FNDA:8,sendErrorResponse
FNDA:2,(anonymous_3)
FNDA:5,(anonymous_4)
FNDA:3,(anonymous_5)
FNDA:3,(anonymous_6)
DA:1,3
DA:2,3
DA:7,3
DA:18,3
DA:19,3
DA:22,6
DA:24,6
DA:25,0
DA:28,6
DA:32,6
DA:34,6
DA:35,0
DA:38,6
DA:42,8
DA:46,5
DA:49,3
DA:50,2
DA:53,1
DA:54,1
DA:57,0
DA:60,3
DA:61,2
DA:62,2
DA:63,2
DA:64,2
DA:66,0
DA:70,3
DA:74,5
DA:75,5
DA:76,5
DA:77,1
DA:79,4
DA:80,4
DA:82,0
DA:88,3
DA:92,3
DA:93,3
DA:94,3
DA:95,1
DA:97,2
DA:98,2
DA:100,0
DA:106,3
DA:110,3
DA:111,3
DA:112,3
DA:113,1
DA:115,2
DA:116,2
DA:118,0
LF:50
LH:43
BRDA:24,0,0,0
BRDA:24,1,0,6
BRDA:24,1,1,6
BRDA:34,2,0,0
BRDA:42,3,0,5
BRDA:43,4,0,8
BRDA:43,4,1,5
BRDA:49,5,0,2
BRDA:53,6,0,1
BRF:9
BRH:7
end_of_record
TN:
SF:src/routes/userRoutes.ts
FN:22,parseId
FN:32,getUserIdParam
FN:42,sendErrorResponse
FN:65,(anonymous_3)
FN:75,(anonymous_4)
FN:89,(anonymous_5)
FNF:6
FNH:0
FNDA:0,parseId
FNDA:0,getUserIdParam
FNDA:0,sendErrorResponse
FNDA:0,(anonymous_3)
FNDA:0,(anonymous_4)
FNDA:0,(anonymous_5)
DA:1,3
DA:2,3
DA:7,3
DA:18,3
DA:19,3
DA:20,3
DA:23,0
DA:25,0
DA:26,0
DA:29,0
DA:33,0
DA:35,0
DA:36,0
DA:39,0
DA:43,0
DA:44,0
DA:47,0
DA:51,0
DA:54,0
DA:55,0
DA:58,0
DA:59,0
DA:62,0
DA:65,3
DA:66,0
DA:67,0
DA:68,0
DA:69,0
DA:71,0
DA:75,3
DA:76,0
DA:77,0
DA:78,0
DA:79,0
DA:81,0
DA:82,0
DA:84,0
DA:89,3
DA:90,0
DA:91,0
DA:92,0
DA:93,0
DA:95,0
DA:96,0
DA:98,0
LF:45
LH:9
BRDA:25,0,0,0
BRDA:25,1,0,0
BRDA:25,1,1,0
BRDA:35,2,0,0
BRDA:43,3,0,0
BRDA:47,4,0,0
BRDA:48,5,0,0
BRDA:48,5,1,0
BRDA:54,6,0,0
BRDA:58,7,0,0
BRF:10
BRH:0
end_of_record
TN:
SF:src/services/authService.ts
FN:61,(anonymous_1)
FN:68,(anonymous_2)
FN:75,(anonymous_3)
FN:82,(anonymous_4)
FN:88,generateSlug
FN:100,generateRandomSuffix
FN:109,getJwtSecret
FN:119,requireTrimmedString
FN:133,normalizeEmail
FN:137,validatePassword
FN:147,ensureEmailIsUnique
FN:158,isUniqueViolation
FN:165,buildSigninResult
FN:187,signup
FN:198,(anonymous_15)
FN:250,signin
FNF:16
FNH:0
FNDA:0,(anonymous_1)
FNDA:0,(anonymous_2)
FNDA:0,(anonymous_3)
FNDA:0,(anonymous_4)
FNDA:0,generateSlug
FNDA:0,generateRandomSuffix
FNDA:0,getJwtSecret
FNDA:0,requireTrimmedString
FNDA:0,normalizeEmail
FNDA:0,validatePassword
FNDA:0,ensureEmailIsUnique
FNDA:0,isUniqueViolation
FNDA:0,buildSigninResult
FNDA:0,signup
FNDA:0,(anonymous_15)
FNDA:0,signin
DA:1,3
DA:2,3
DA:3,3
DA:5,3
DA:6,3
DA:7,3
DA:8,3
DA:9,3
DA:10,3
DA:60,3
DA:62,0
DA:63,0
DA:67,3
DA:69,0
DA:70,0
DA:74,3
DA:76,0
DA:77,0
DA:81,3
DA:83,0
DA:84,0
DA:88,3
DA:89,0
DA:94,0
DA:95,0
DA:97,0
DA:101,0
DA:102,0
DA:103,0
DA:104,0
DA:106,0
DA:110,0
DA:112,0
DA:113,0
DA:116,0
DA:120,0
DA:121,0
DA:124,0
DA:126,0
DA:127,0
DA:130,0
DA:134,0
DA:138,0
DA:140,0
DA:141,0
DA:144,0
DA:148,0
DA:153,0
DA:154,0
DA:159,0
DA:166,0
DA:176,0
DA:187,3
DA:188,0
DA:189,0
DA:190,0
DA:191,0
DA:193,0
DA:195,0
DA:196,0
DA:197,0
DA:198,0
DA:199,0
DA:201,0
DA:206,0
DA:207,0
DA:219,0
DA:225,0
DA:226,0
DA:229,0
DA:230,0
DA:236,0
DA:237,0
DA:240,0
DA:243,0
DA:247,0
DA:250,3
DA:251,0
DA:252,0
DA:253,0
DA:270,0
DA:271,0
DA:274,0
DA:276,0
DA:277,0
DA:280,0
LF:86
LH:16
BRDA:94,0,0,0
BRDA:112,1,0,0
BRDA:120,2,0,0
BRDA:126,3,0,0
BRDA:140,4,0,0
BRDA:153,5,0,0
BRDA:159,6,0,0
BRDA:159,6,1,0
BRDA:159,6,2,0
BRDA:159,6,3,0
BRDA:196,7,0,0
BRDA:196,7,1,0
BRDA:225,8,0,0
BRDA:229,9,0,0
BRDA:230,10,0,0
BRDA:230,10,1,0
BRDA:230,10,2,0
BRDA:230,10,3,0
BRDA:230,10,4,0
BRDA:236,11,0,0
BRDA:236,12,0,0
BRDA:236,12,1,0
BRDA:270,13,0,0
BRDA:276,14,0,0
BRF:24
BRH:0
end_of_record
TN:
SF:src/services/organizationService.ts
FN:16,(anonymous_0)
FN:23,(anonymous_1)
FN:30,(anonymous_2)
FN:36,requireName
FN:54,get
FN:63,changeName
FNF:6
FNH:0
FNDA:0,(anonymous_0)
FNDA:0,(anonymous_1)
FNDA:0,(anonymous_2)
FNDA:0,requireName
FNDA:0,get
FNDA:0,changeName
DA:1,3
DA:3,3
DA:15,3
DA:17,0
DA:18,0
DA:22,3
DA:24,0
DA:25,0
DA:29,3
DA:31,0
DA:32,0
DA:37,0
DA:38,0
DA:41,0
DA:43,0
DA:44,0
DA:47,0
DA:48,0
DA:51,0
DA:54,3
DA:55,0
DA:63,3
DA:67,0
DA:69,0
DA:77,0
DA:78,0
DA:81,0
LF:27
LH:7
BRDA:37,0,0,0
BRDA:43,1,0,0
BRDA:47,2,0,0
BRDA:77,3,0,0
BRF:4
BRH:0
end_of_record
TN:
SF:src/services/ticketTypeService.ts
FN:23,(anonymous_0)
FN:30,(anonymous_1)
FN:37,(anonymous_2)
FN:44,(anonymous_3)
FN:50,validateName
FN:72,requireName
FN:82,validateDescription
FN:100,ensureNameIsUnique
FN:125,getTicketTypeById
FN:135,list
FN:145,create
FN:162,update
FN:190,isInUse
FN:204,remove
FNF:14
FNH:14
FNDA:42,(anonymous_0)
FNDA:34,(anonymous_1)
FNDA:6,(anonymous_2)
FNDA:3,(anonymous_3)
FNDA:18,validateName
FNDA:18,requireName
FNDA:14,validateDescription
FNDA:12,ensureNameIsUnique
FNDA:15,getTicketTypeById
FNDA:5,list
FNDA:13,create
FNDA:8,update
FNDA:7,isInUse
FNDA:7,remove
DA:1,5
DA:3,5
DA:4,5
DA:22,5
DA:24,42
DA:25,42
DA:29,5
DA:31,34
DA:32,34
DA:36,5
DA:38,6
DA:39,6
DA:43,5
DA:45,3
DA:46,3
DA:51,18
DA:52,1
DA:53,1
DA:56,0
DA:59,17
DA:61,17
DA:62,1
DA:65,16
DA:66,2
DA:69,14
DA:73,18
DA:75,14
DA:76,0
DA:79,14
DA:83,14
DA:84,0
DA:87,14
DA:89,14
DA:90,0
DA:93,14
DA:94,2
DA:97,12
DA:101,12
DA:120,12
DA:121,4
DA:126,15
DA:135,5
DA:136,5
DA:145,5
DA:149,13
DA:150,9
DA:152,7
DA:154,5
DA:162,5
DA:167,8
DA:169,8
DA:170,3
DA:173,5
DA:174,5
DA:178,5
DA:180,3
DA:190,5
DA:191,7
DA:201,7
DA:204,5
DA:205,7
DA:207,7
DA:208,3
DA:211,4
DA:212,2
DA:215,2
LF:66
LH:62
BRDA:51,0,0,1
BRDA:52,1,0,1
BRDA:61,2,0,1
BRDA:65,3,0,2
BRDA:75,4,0,0
BRDA:83,5,0,0
BRDA:89,6,0,0
BRDA:93,7,0,2
BRDA:101,8,0,7
BRDA:101,8,1,5
BRDA:120,9,0,4
BRDA:150,10,0,9
BRDA:150,10,1,0
BRDA:169,11,0,3
BRDA:173,12,0,5
BRDA:173,12,1,0
BRDA:174,13,0,0
BRDA:174,13,1,5
BRDA:186,14,0,3
BRDA:186,14,1,0
BRDA:207,15,0,3
BRDA:211,16,0,2
BRF:22
BRH:15
end_of_record
TN:
SF:src/services/userService.ts
FN:24,(anonymous_1)
FN:31,(anonymous_2)
FN:38,(anonymous_3)
FN:45,(anonymous_4)
FN:52,(anonymous_5)
FN:58,requireTrimmedString
FN:72,normalizeEmail
FN:76,validatePassword
FN:86,requireAdmin
FN:94,ensureEmailIsUnique
FN:105,isUniqueViolation
FN:112,getUserById
FN:122,list
FN:132,create
FN:161,remove
FNF:15
FNH:0
FNDA:0,(anonymous_1)
FNDA:0,(anonymous_2)
FNDA:0,(anonymous_3)
FNDA:0,(anonymous_4)
FNDA:0,(anonymous_5)
FNDA:0,requireTrimmedString
FNDA:0,normalizeEmail
FNDA:0,validatePassword
FNDA:0,requireAdmin
FNDA:0,ensureEmailIsUnique
FNDA:0,isUniqueViolation
FNDA:0,getUserById
FNDA:0,list
FNDA:0,create
FNDA:0,remove
DA:1,3
DA:2,3
DA:4,3
DA:5,3
DA:23,3
DA:25,0
DA:26,0
DA:30,3
DA:32,0
DA:33,0
DA:37,3
DA:39,0
DA:40,0
DA:44,3
DA:46,0
DA:47,0
DA:51,3
DA:53,0
DA:54,0
DA:59,0
DA:60,0
DA:63,0
DA:65,0
DA:66,0
DA:69,0
DA:73,0
DA:77,0
DA:79,0
DA:80,0
DA:83,0
DA:87,0
DA:88,0
DA:91,0
DA:95,0
DA:100,0
DA:101,0
DA:106,0
DA:113,0
DA:122,3
DA:123,0
DA:132,3
DA:133,0
DA:134,0
DA:135,0
DA:136,0
DA:138,0
DA:139,0
DA:140,0
DA:142,0
DA:149,0
DA:150,0
DA:153,0
DA:154,0
DA:157,0
DA:161,3
DA:166,0
DA:168,0
DA:169,0
DA:172,0
DA:173,0
DA:176,0
LF:61
LH:12
BRDA:59,0,0,0
BRDA:65,1,0,0
BRDA:79,2,0,0
BRDA:87,3,0,0
BRDA:100,4,0,0
BRDA:106,5,0,0
BRDA:106,5,1,0
BRDA:106,5,2,0
BRDA:106,5,3,0
BRDA:149,6,0,0
BRDA:153,7,0,0
BRDA:168,8,0,0
BRDA:172,9,0,0
BRF:13
BRH:0
end_of_record
